node   1  (   0,    0) (   5,    3) (   6,    5) (   4,    7) (   2,    7) (   2,    5) (   2,    1) (   2,    3) (   2,    6) (   2,    3)
          (   2,    3) (   2,    0) (   2,    3) (   2,    1) (   2,    1) (   2,    1) (   2,    1) (   2,    2) (   2,    1) (   2,    3)
          (   2,    6) (   2,    2) (   2,    0) (   2,    2) (   2,    0) (   2,    2) (   2,    3) (   2,    3) (   2,    2) (   2,    2)
          (   2,    1) (   2,    3) (   2,    1) (   2,    2) (   2,    0) (   2,    1) (   2,    2) (   2,    4) (   2,    3) (   2,    2)
          (   2,    3) (   2,    3) (   2,    1) (   2,    5) (   2,    1) (   2,    1) (   2,    3) (   2,    2) (   2,    5) (   2,    0)
          (   2,    0) (   2,    3) (   1,    2) (   2,    2) (   2,    3) (   2,    2) (   2,    3) (   2,    3) (   2,    0) (   2,    4)
          (   2,    1) (   2,    1) (   2,    1) (   1,    1) (   2,    1) (   2,    1) (   1,    2) (   2,    1) (   1,    2) (   2,    0)
          (   2,    3) (   2,    1) (   1,    0) (   2,    2) (   2,    2) (   2,    2) (   2,    1) (   2,    1) (   2,    2) (   2,    2)
          (   2,    2) (   2,    2) (   2,    0) (   1,    0) (   1,    4) (   2,    2) (   1,    2) (   2,    0) (   2,    3) (   2,    2)
          (   2,    1) (   2,    4) (   2,    1) (   2,    3) (   2,    4) (   2,    2) (   2,    1) (   2,    5) (   2,    3) (   2,    4)
          (   2,    1) (   2,    1) (   0,    1) (   2,    2) (   2,    1) (   1,    3) (   2,    1) (   2,    2) (   2,    3) (   2,    4)
          (   2,    3) (   2,    2) (   2,    0) (   2,    3) (   2,    1) (   2,    0) (   2,    2) (   2,    0) (   2,    0) (   2,    2)
          (   2,    0) (   1,    2) (   2,    2) (   2,    1) (   2,    1) (   2,    2) (   2,    1) (   2,    4) (   2,    2) (   1,    5)
          (   2,    0) (   2,    4) (   2,    0) (   2,    3) (   1,    1) (   2,    1) (   2,    3) (   1,    3) (   2,    3) (   2,    2)
          (   2,    2) (   2,    2) (   2,    1) (   2,    1) (   2,    2) (   2,    3) (   2,    4) (   2,    3) (   2,    2) (   2,    2)
          (   1,    3) (   2,    1) (   2,    2) (   2,    2) (   2,    2) (   2,    7) (   2,    1) (   2,    1) (   2,    1) (   1,    2)
          (   1,    1) (   1,    1) (   2,    1) (   2,    1) (   2,    1) (   2,    2) (   2,    3) (   2,    1) (   2,    3) (   1,    1)
          (   2,    3) (   2,    2) (   2,    1) (   2,    4) (   2,    0) (   2,    2) (   2,    2) (   2,    3) (   1,    2) (   2,    2)
          (   1,    4) (   2,    3) (   1,    1) (   2,    2) (   2,    1) (   2,    0) (   2,    0) (   2,    1) (   2,    2) (   2,    5)
          (   2,    2) (   2,    4) (   1,    0) (   2,    2) (   2,    3) (   2,    0) (   2,    2) (   2,    2) (   2,    0) (   1,    1)
          (   2,    2) (   2,    1) (   2,    2) (   2,    2) (   2,    2) (   2,    3) (   2,    1) (   2,    2) (   2,    2) (   2,    5)
          (   1,    6) (   2,    1) (   2,    2) (   2,    1) (   2,    0) (   2,    3) (   2,    3) (   2,    0) (   2,    1) (   2,    2)
          (   2,    2) (   2,    1) (   2,    2) (   2,    2) (   2,    1) (   2,    2) (   2,    1) (   1,    2) (   2,    4) (   2,    3)
          (   2,    1) (   2,    2) (   2,    3) (   2,    1) (   2,    2) (   0,    1) (   2,    3) (   2,    1) (   2,    1) (   2,    1)
          (   0,    1) (   2,    1) (   2,    4) (   2,    0) (   1,    2) (   2,    2) (   2,    0) (   2,    1) (   2,    0) (   2,    1)
          (   2,    4) (   2,    3) (   1,    2) (   2,    2) (   2,    1) (   2,    0) (   2,    2) (   2,    4) (   2,    3) (   2,    5)
          (   2,    0) (   2,    1) (   1,    3) (   1,    1) (   2,    2) (   2,    2) (   1,    2) (   2,    0) (   2,    2) (   2,    0)
          (   2,    1) (   2,    1) (   2,    2) (   1,    3) (   2,    3) (   2,    1) (   2,    2) (   2,    1) (   2,    0) (   2,    1)
          (   2,    1) (   2,    4) (   2,    1) (   2,    1) (   1,    2) (   2,    1) (   2,    2) (   2,    0) (   2,    1) (   1,    2)
          (   1,    1) (   2,    2) (   2,    1) (   2,    4) (   2,    0) (   2,    2) (   2,    3) (   2,    0) (   0,    1) (   2,    0)
          (   2,    2) (   2,    2) (   2,    4) (   2,    3) (   2,    1) (   2,    2) (   2,    2) (   2,    3) (   2,    4) (   2,    4)
          (   2,    2) (   2,    1) (   2,    2) (   2,    0) (   2,    4) (   2,    1) (   2,    1) (   2,    3) (   2,    2) (   2,    3)
          (   2,    2) (   2,    3) (   2,    2) (   2,    2) (   2,    1) (   2,    1) (   2,    0) (   2,    0) (   2,    3) (   2,    2)
          (   2,    4) (   2,    6) (   2,    2) (   2,    0) (   2,    1) (   2,    1) (   2,    3) (   2,    1) (   2,    3) (   2,    1)
          (   2,    2) (   2,    2) (   2,    3) (   2,    2) (   2,    2) (   2,    3) (   2,    2) (   2,    3) (   2,    1) (   2,    1)
          (   2,    2) (   2,    4) (   2,    2) (   2,    2) (   2,    1) (   2,    2) (   2,    2) (   2,    2) (   2,    2) (   2,    2)
          (   2,    2) (   2,    3) (   2,    1) (   2,    2) (   2,    1) (   2,    1) (   2,    1) (   2,    0) (   2,    2) (   2,    6)
          (   2,    4) (   2,    1) (   2,    4) (   2,    1) (   2,    3) (   2,    1) (   2,    1) (   2,    4) (   2,    2) (   2,    3)
          (   2,    1) (   2,    1) (   2,    3) (   2,    1) (   2,    2) (   2,    1) (   2,    2) (   2,    1) (   2,    3) (   2,    2)
          (   2,    6) (   2,    3) (   2,    2) (   2,    2) (   2,    4) (   2,    1) (   2,    3) (   2,    0) (   2,    0) (   2,    3)
          (   2,    3) (   2,    1) (   2,    1) (   2,    1) (   2,    3) (   2,    1) (   2,    1) (   2,    0) (   2,    2) (   2,    2)
          (   2,    3) (   2,    1) (   2,    2) (   2,    2) (   2,    3) (   2,    4) (   2,    1) (   2,    2) (   2,    0) (   2,    2)
          (   2,    1) (   2,    3) (   2,    3) (   2,    1) (   2,    0) (   2,    4) (   2,    3) (   2,    1) (   2,    2) (   2,    2)
          (   2,    2) (   2,    5) (   2,    1) (   2,    3) (   2,    1) (   2,    3) (   2,    5) (   2,    1) (   2,    1) (   2,    1)
          (   2,    4) (   2,    0) (   2,    2) (   2,    1) (   2,    0) (   2,    1) (   2,    0) (   2,    2) (   2,    0) (   2,    3)
          (   2,    0) (   2,    3) (   2,    1) (   2,    2) (   2,    3) (   2,    1) (   2,    2) (   2,    3) (   2,    6) (   2,    4)
          (   2,    2) (   2,    3) (   2,    5) (   2,    4) (   2,    1) (   2,    2) (   2,    1) (   2,    1) (   2,    1) (   2,    3)
          (   2,    1) (   2,    1) (   2,    0) (   2,    2) (   2,    5) (   2,    4) (   2,    1) (   2,    1) (   2,    3) (   2,    1)
          (   2,    1) (   2,    4) (   2,    2) (   2,    2) (   2,    1) (   2,    0) (   2,    2) (   2,    3) (   2,    2) (   2,    2)
          (   2,    1) (   2,    3) (   2,    3) (   2,    2) (   2,    2) (   2,    4) (   2,    4) (   2,    1) (   2,    3) (   2,    4)
          (   2,    1) (   2,    4) (   2,    1) (   2,    1) (   2,    1) (   2,    2) (   2,    2) (   2,    2) (   2,    1) (   2,    3)
          (   2,    1) (   2,    2) (   2,    3) (   2,    2) (   2,    5) (   2,    3) (   2,    3) (   2,    2) (   2,    1) (   2,    3)
          (   2,    2) (   2,    2) (   2,    1) (   2,    0) (   2,    5) (   2,    2) (   2,    2) (   2,    2) (   2,    1) (   2,    1)
          (   2,    2) (   2,    1) (   2,    2) (   2,    1) (   2,    0) (   2,    1) (   2,    1) (   2,    3) (   2,    1) (   2,    1)
          (   2,    1) (   2,    2) (   2,    1) (   2,    0) (   2,    3) (   2,    2) (   2,    4) (   2,    1) (   2,    2) (   2,    1)
          (   2,    3) (   2,    2) (   2,    0) (   2,    0) (   2,    2) (   2,    1) (   2,    0) (   2,    1) (   2,    1) (   2,    2)
          (   2,    1) (   2,    1) (   2,    2) (   2,    3) (   2,    3) (   2,    0) (   2,    2) (   2,    1) (   2,    2) (   2,    2)
          (   2,    3) (   2,    0) (   2,    2) (   2,    3) (   2,    1) (   2,    2) (   2,    1) (   2,    1) (   2,    1) (   2,    2)
          (   2,    1) (   2,    1) (   2,    2) (   2,    1) (   2,    1) (   2,    3) (   2,    2) (   2,    2) (   2,    1) (   2,    0)
          (   2,    2) (   2,    0) (   2,    2) (   2,    1) (   2,    2) (   2,    2) (   2,    1) (   2,    0) (   2,    4) (   2,    2)
          (   2,    3) (   2,    6) (   2,    1) (   2,    1) (   2,    1) (   2,    0) (   2,    4) (   2,    3) (   2,    4) (   2,    1)
          (   2,    3) (   2,    2) (   2,    2) (   2,    1) (   2,    1) (   2,    1) (   2,    1) (   2,    2) (   2,    1) (   2,    5)
          (   2,    2) (   2,    2) (   2,    1) (   2,    2) (   2,    3) (   2,    1) (   2,    2) (   2,    2) (   2,    1) (   2,    5)
          (   2,    3) (   2,    2) (   2,    1) (   2,    1) (   2,    1) (   2,    1) (   2,    1) (   2,    0) (   2,    0) (   2,    1)
          (   2,    0) (   2,    1) (   2,    2) (   2,    1) (   2,    3) (   2,    4) (   2,    4) (   2,    4) (   2,    6) (   2,    2)
          (   2,    4) (   2,    2) (   2,    0) (   2,    1) (   2,    1) (   2,    6) (   2,    3) (   2,    3) (   2,    2) (   2,    1)
          (   2,    4) (   2,    0) (   2,    2) (   2,    3) (   2,    1) (   2,    1) (   2,    1) (   2,    4) (   2,    3) (   2,    2)
          (   2,    3) (   2,    0) (   2,    1) (   2,    2) (   2,    2) (   2,    1) (   2,    3) (   2,    0) (   2,    0) (   2,    3)
          (   2,    2) (   2,    2) (   2,    1) (   2,    2) (   2,    4) (   2,    3) (   2,    1) (   2,    4) (   2,    2) (   2,    4)
          (   2,    2) (   2,    2) (   2,    1) (   2,    0) (   2,    2) (   2,    2) (   2,    3) (   2,    4) (   2,    2) (   2,    1)
         
node   1 sent_total   1365  recv_total   1359

node   2  (   1,    0) (   0,    0) (   2,    1) (   2,    1) (   2,    4) (   2,    5) (   2,    6) (   2,    1) (   2,    0) (   2,    1)
          (   2,    2) (   2,    6) (   2,    1) (   2,    0) (   2,    1) (   2,    2) (   2,    2) (   2,    7) (   2,    1) (   2,    3)
          (   2,    2) (   2,    2) (   2,    3) (   2,    1) (   2,    2) (   2,    1) (   2,    4) (   2,    2) (   2,    2) (   2,    4)
          (   2,    3) (   2,    1) (   2,    4) (   2,    1) (   2,    0) (   2,    4) (   2,    5) (   2,    2) (   2,    2) (   2,    3)
          (   2,    1) (   2,    2) (   2,    2) (   2,    1) (   2,    2) (   2,    3) (   2,    1) (   2,    1) (   2,    1) (   2,    2)
          (   2,    4) (   2,    1) (   2,    0) (   2,    3) (   1,    3) (   2,    1) (   2,    1) (   2,    4) (   2,    1) (   2,    1)
          (   2,    1) (   2,    1) (   2,    1) (   2,    1) (   2,    2) (   2,    3) (   2,    2) (   2,    1) (   1,    0) (   2,    1)
          (   2,    3) (   1,    1) (   1,    0) (   2,    0) (   2,    3) (   2,    2) (   1,    1) (   2,    0) (   2,    0) (   1,    3)
          (   2,    2) (   2,    2) (   1,    0) (   2,    2) (   1,    3) (   2,    2) (   2,    1) (   2,    1) (   2,    1) (   2,    1)
          (   2,    1) (   2,    1) (   2,    3) (   2,    4) (   2,    1) (   1,    0) (   2,    2) (   1,    3) (   2,    1) (   2,    1)
          (   2,    3) (   0,    0) (   0,    0) (   0,    0) (   0,    0) (   0,    0) (   0,    0) (   0,    0) (   0,    0) (   0,    0)
          (   0,    0) (   0,    0) (   0,    0) (   0,    0) (   0,    0) (   0,    0) (   0,    0) (   0,    0) (   0,    0) (   0,    0)
          (   0,    0) (   0,    0) (   0,    0) (   0,    0) (   0,    0) (   0,    0) (   0,    0) (   0,    0) (   0,    0) (   0,    0)
          (   0,    0) (   0,    0) (   0,    0) (   0,    0) (   0,    0) (   0,    0) (   0,    0) (   0,    0) (   0,    0) (   0,    0)
          (   0,    0) (   0,    0) (   0,    0) (   0,    0) (   0,    0) (   0,    0) (   0,    0) (   0,    0) (   0,    0) (   0,    0)
          (   0,    0) (   0,    0) (   0,    0) (   0,    0) (   0,    0) (   0,    0) (   0,    0) (   0,    0) (   0,    0) (   0,    0)
          (   0,    0) (   0,    0) (   0,    0) (   0,    0) (   0,    0) (   0,    0) (   0,    0) (   0,    0) (   0,    0) (   0,    0)
          (   0,    0) (   0,    0) (   0,    0) (   0,    0) (   0,    0) (   0,    0) (   0,    0) (   0,    0) (   0,    0) (   0,    0)
          (   0,    0) (   0,    0) (   0,    0) (   0,    0) (   0,    0) (   0,    0) (   0,    0) (   0,    0) (   0,    0) (   0,    0)
          (   0,    0) (   0,    0) (   0,    0) (   0,    0) (   0,    0) (   0,    0) (   0,    0) (   0,    0) (   0,    0) (   0,    0)
          (   0,    0) (   0,    0) (   0,    0) (   0,    0) (   0,    0) (   0,    0) (   0,    0) (   0,    0) (   0,    0) (   0,    0)
          (   0,    0) (   0,    0) (   0,    0) (   0,    0) (   0,    0) (   0,    0) (   0,    0) (   0,    0) (   0,    0) (   0,    0)
          (   0,    0) (   0,    0) (   0,    0) (   0,    0) (   0,    0) (   0,    0) (   0,    0) (   0,    0) (   0,    0) (   0,    0)
          (   0,    0) (   0,    0) (   0,    0) (   0,    0) (   0,    0) (   0,    0) (   0,    0) (   0,    0) (   0,    0) (   0,    0)
          (   0,    0) (   0,    0) (   0,    0) (   0,    0) (   0,    0) (   0,    0) (   0,    0) (   0,    0) (   0,    0) (   0,    0)
          (   0,    0) (   0,    0) (   0,    0) (   0,    0) (   0,    0) (   0,    0) (   0,    0) (   0,    0) (   0,    0) (   0,    0)
          (   0,    0) (   0,    0) (   0,    0) (   0,    0) (   0,    0) (   0,    0) (   0,    0) (   0,    0) (   0,    0) (   0,    0)
          (   0,    0) (   0,    0) (   0,    0) (   0,    0) (   0,    0) (   0,    0) (   0,    0) (   0,    0) (   0,    0) (   0,    0)
          (   0,    0) (   0,    0) (   0,    0) (   0,    0) (   0,    0) (   0,    0) (   0,    0) (   0,    0) (   0,    0) (   0,    0)
          (   0,    0) (   0,    0) (   0,    0) (   0,    0) (   0,    0) (   0,    0) (   0,    0) (   0,    0) (   0,    0) (   0,    0)
          (   0,    0) (   0,    0) (   0,    0) (   0,    0) (   0,    0) (   0,    0) (   0,    0) (   0,    0) (   0,    0) (   0,    0)
          (   0,    0) (   0,    0) (   0,    0) (   0,    0) (   0,    0) (   0,    0) (   0,    0) (   0,    0) (   0,    0) (   0,    0)
          (   0,    0) (   0,    0) (   0,    0) (   0,    0) (   0,    0) (   0,    0) (   0,    0) (   0,    0) (   0,    0) (   0,    0)
          (   0,    0) (   0,    0) (   0,    0) (   0,    0) (   0,    0) (   0,    0) (   0,    0) (   0,    0) (   0,    0) (   0,    0)
          (   0,    0) (   0,    0) (   0,    0) (   0,    0) (   0,    0) (   0,    0) (   0,    0) (   0,    0) (   0,    0) (   0,    0)
          (   0,    0) (   0,    0) (   0,    0) (   0,    0) (   0,    0) (   0,    0) (   0,    0) (   0,    0) (   0,    0) (   0,    0)
          (   0,    0) (   0,    0) (   0,    0) (   0,    0) (   0,    0) (   0,    0) (   0,    0) (   0,    0) (   0,    0) (   0,    0)
          (   0,    0) (   0,    0) (   0,    0) (   0,    0) (   0,    0) (   0,    0) (   0,    0) (   0,    0) (   0,    0) (   0,    0)
          (   0,    0) (   0,    0) (   0,    0) (   0,    0) (   0,    0) (   0,    0) (   0,    0) (   0,    0) (   0,    0) (   0,    0)
          (   0,    0) (   0,    0) (   0,    0) (   0,    0) (   0,    0) (   0,    0) (   0,    0) (   0,    0) (   0,    0) (   0,    0)
          (   0,    0) (   0,    0) (   0,    0) (   0,    0) (   0,    0) (   0,    0) (   0,    0) (   0,    0) (   0,    0) (   0,    0)
          (   0,    0) (   0,    0) (   0,    0) (   0,    0) (   0,    0) (   0,    0) (   0,    0) (   0,    0) (   0,    0) (   0,    0)
          (   0,    0) (   0,    0) (   0,    0) (   0,    0) (   0,    0) (   0,    0) (   0,    0) (   0,    0) (   0,    0) (   0,    0)
          (   0,    0) (   0,    0) (   0,    0) (   0,    0) (   0,    0) (   0,    0) (   0,    0) (   0,    0) (   0,    0) (   0,    0)
          (   0,    0) (   0,    0) (   0,    0) (   0,    0) (   0,    0) (   0,    0) (   0,    0) (   0,    0) (   0,    0) (   0,    0)
          (   0,    0) (   0,    0) (   0,    0) (   0,    0) (   0,    0) (   0,    0) (   0,    0) (   0,    0) (   0,    0) (   0,    0)
          (   0,    0) (   0,    0) (   0,    0) (   0,    0) (   0,    0) (   0,    0) (   0,    0) (   0,    0) (   0,    0) (   0,    0)
          (   0,    0) (   0,    0) (   0,    0) (   0,    0) (   0,    0) (   0,    0) (   0,    0) (   0,    0) (   0,    0) (   0,    0)
          (   0,    0) (   0,    0) (   0,    0) (   0,    0) (   0,    0) (   0,    0) (   0,    0) (   0,    0) (   0,    0) (   0,    0)
          (   0,    0) (   0,    0) (   0,    0) (   0,    0) (   0,    0) (   0,    0) (   0,    0) (   0,    0) (   0,    0) (   0,    0)
          (   0,    0) (   0,    0) (   0,    0) (   0,    0) (   0,    0) (   0,    0) (   0,    0) (   0,    0) (   0,    0) (   0,    0)
          (   0,    0) (   0,    0) (   0,    0) (   0,    0) (   0,    0) (   0,    0) (   0,    0) (   0,    0) (   0,    0) (   0,    0)
          (   0,    0) (   0,    0) (   0,    0) (   0,    0) (   0,    0) (   0,    0) (   0,    0) (   0,    0) (   0,    0) (   0,    0)
          (   0,    0) (   0,    0) (   0,    0) (   0,    0) (   0,    0) (   0,    0) (   0,    0) (   0,    0) (   0,    0) (   0,    0)
          (   0,    0) (   0,    0) (   0,    0) (   0,    0) (   0,    0) (   0,    0) (   0,    0) (   0,    0) (   0,    0) (   0,    0)
          (   0,    0) (   0,    0) (   0,    0) (   0,    0) (   0,    0) (   0,    0) (   0,    0) (   0,    0) (   0,    0) (   0,    0)
          (   0,    0) (   0,    0) (   0,    0) (   0,    0) (   0,    0) (   0,    0) (   0,    0) (   0,    0) (   0,    0) (   0,    0)
          (   0,    0) (   0,    0) (   0,    0) (   0,    0) (   0,    0) (   0,    0) (   0,    0) (   0,    0) (   0,    0) (   0,    0)
          (   0,    0) (   0,    0) (   0,    0) (   0,    0) (   0,    0) (   0,    0) (   0,    0) (   0,    0) (   0,    0) (   0,    0)
          (   0,    0) (   0,    0) (   0,    0) (   0,    0) (   0,    0) (   0,    0) (   0,    0) (   0,    0) (   0,    0) (   0,    0)
          (   0,    0) (   0,    0) (   0,    0) (   0,    0) (   0,    0) (   0,    0) (   0,    0) (   0,    0) (   0,    0) (   0,    0)
          (   0,    0) (   0,    0) (   0,    0) (   0,    0) (   0,    0) (   0,    0) (   0,    0) (   0,    0) (   0,    0) (   0,    0)
          (   0,    0) (   0,    0) (   0,    0) (   0,    0) (   0,    0) (   0,    0) (   0,    0) (   0,    0) (   0,    0) (   0,    0)
          (   0,    0) (   0,    0) (   0,    0) (   0,    0) (   0,    0) (   0,    0) (   0,    0) (   0,    0) (   0,    0) (   0,    0)
          (   0,    0) (   0,    0) (   0,    0) (   0,    0) (   0,    0) (   0,    0) (   0,    0) (   0,    0) (   0,    0) (   0,    0)
          (   0,    0) (   0,    0) (   0,    0) (   0,    0) (   0,    0) (   0,    0) (   0,    0) (   0,    0) (   0,    0) (   0,    0)
          (   0,    0) (   0,    0) (   0,    0) (   0,    0) (   0,    0) (   0,    0) (   0,    0) (   0,    0) (   0,    0) (   0,    0)
          (   0,    0) (   0,    0) (   0,    0) (   0,    0) (   0,    0) (   0,    0) (   0,    0) (   0,    0) (   0,    0) (   0,    0)
          (   0,    0) (   0,    0) (   0,    0) (   0,    0) (   0,    0) (   0,    0) (   0,    0) (   0,    0) (   0,    0) (   0,    0)
          (   0,    0) (   0,    0) (   0,    0) (   0,    0) (   0,    0) (   0,    0) (   0,    0) (   0,    0) (   0,    0) (   0,    0)
         
node   2 sent_total    189  recv_total    188

node   3  (   1,    0) (   0,    0) (   2,    1) (   2,    0) (   2,    1) (   2,    2) (   2,    2) (   2,    3) (   2,    0) (   2,    2)
          (   2,    1) (   2,    1) (   2,    1) (   2,    2) (   2,    2) (   2,    2) (   2,    1) (   2,    0) (   2,    0) (   2,    2)
          (   2,    2) (   2,    1) (   2,    3) (   2,    3) (   2,    0) (   2,    2) (   2,    1) (   2,    1) (   2,    2) (   2,    0)
          (   2,    2) (   2,    1) (   2,    2) (   2,    1) (   2,    2) (   2,    1) (   2,    1) (   2,    4) (   2,    2) (   2,    3)
          (   2,    1) (   2,    4) (   2,    3) (   2,    2) (   2,    2) (   2,    1) (   2,    4) (   2,    1) (   2,    1) (   2,    1)
          (   2,    0) (   2,    4) (   1,    2) (   1,    1) (   2,    0) (   2,    2) (   2,    2) (   2,    0) (   2,    2) (   2,    3)
          (   2,    5) (   2,    1) (   2,    2) (   2,    3) (   2,    0) (   2,    2) (   2,    2) (   1,    3) (   2,    6) (   2,    2)
          (   2,    2) (   2,    3) (   1,    2) (   2,    2) (   2,    1) (   2,    3) (   1,    0) (   1,    0) (   1,    4) (   1,    0)
          (   2,    1) (   2,    4) (   2,    5) (   2,    2) (   2,    4) (   2,    2) (   2,    2) (   1,    1) (   2,    2) (   1,    0)
          (   1,    0) (   2,    2) (   2,    0) (   2,    2) (   2,    2) (   2,    2) (   2,    1) (   2,    2) (   1,    1) (   2,    1)
          (   2,    1) (   2,    2) (   2,    4) (   2,    2) (   2,    1) (   2,    1) (   2,    1) (   1,    4) (   2,    1) (   2,    2)
          (   2,    2) (   2,    3) (   2,    2) (   2,    3) (   2,    0) (   2,    3) (   2,    2) (   2,    5) (   1,    2) (   2,    1)
          (   2,    3) (   1,    2) (   2,    0) (   1,    2) (   2,    1) (   2,    4) (   2,    0) (   1,    3) (   1,    0) (   2,    5)
          (   2,    1) (   2,    4) (   2,    1) (   2,    0) (   2,    4) (   2,    2) (   2,    2) (   2,    2) (   2,    0) (   2,    1)
          (   1,    3) (   2,    1) (   2,    1) (   1,    1) (   2,    0) (   2,    2) (   1,    1) (   2,    1) (   2,    5) (   2,    3)
          (   1,    2) (   2,    1) (   2,    2) (   2,    1) (   2,    2) (   2,    1) (   2,    0) (   2,    3) (   2,    2) (   2,    4)
          (   1,    2) (   2,    1) (   2,    4) (   1,    4) (   2,    1) (   2,    2) (   2,    1) (   2,    2) (   2,    1) (   2,    2)
          (   1,    1) (   2,    3) (   2,    1) (   2,    1) (   1,    2) (   2,    2) (   2,    0) (   2,    1) (   2,    3) (   2,    1)
          (   2,    4) (   1,    3) (   2,    3) (   2,    2) (   1,    2) (   1,    1) (   2,    2) (   2,    4) (   2,    1) (   1,    1)
          (   2,    2) (   2,    5) (   1,    4) (   2,    1) (   1,    1) (   1,    2) (   2,    2) (   2,    4) (   2,    0) (   2,    0)
          (   2,    1) (   2,    3) (   1,    4) (   2,    1) (   2,    3) (   2,    0) (   2,    2) (   2,    2) (   1,    3) (   2,    2)
          (   1,    2) (   2,    3) (   2,    0) (   2,    4) (   2,    4) (   2,    1) (   1,    2) (   2,    0) (   2,    2) (   1,    1)
          (   2,    0) (   2,    3) (   2,    0) (   1,    3) (   2,    0) (   1,    2) (   2,    3) (   2,    0) (   1,    3) (   1,    0)
          (   2,    4) (   2,    1) (   2,    2) (   2,    1) (   1,    2) (   2,    3) (   2,    4) (   2,    1) (   1,    1) (   2,    2)
          (   2,    1) (   2,    0) (   2,    2) (   2,    3) (   1,    1) (   2,    1) (   2,    1) (   2,    1) (   2,    1) (   2,    0)
          (   2,    2) (   1,    2) (   1,    1) (   1,    0) (   0,    2) (   2,    3) (   1,    3) (   1,    0) (   2,    0) (   1,    1)
          (   2,    2) (   2,    4) (   2,    2) (   2,    1) (   2,    3) (   2,    0) (   1,    0) (   2,    1) (   2,    1) (   2,    2)
          (   2,    4) (   1,    3) (   2,    4) (   2,    2) (   2,    0) (   2,    2) (   2,    2) (   1,    4) (   1,    1) (   2,    1)
          (   1,    2) (   2,    1) (   2,    3) (   2,    1) (   2,    1) (   2,    1) (   2,    2) (   0,    3) (   2,    2) (   1,    4)
          (   2,    1) (   1,    2) (   2,    0) (   2,    0) (   2,    2) (   2,    2) (   2,    1) (   1,    2) (   2,    2) (   2,    1)
          (   1,    2) (   2,    2) (   2,    3) (   2,    2) (   2,    2) (   2,    1) (   2,    3) (   2,    3) (   2,    0) (   2,    2)
          (   2,    4) (   2,    0) (   2,    1) (   2,    2) (   2,    1) (   2,    2) (   2,    3) (   2,    1) (   2,    1) (   2,    2)
          (   2,    2) (   2,    1) (   2,    1) (   2,    0) (   2,    2) (   2,    0) (   2,    3) (   2,    2) (   2,    1) (   2,    2)
          (   2,    3) (   2,    3) (   2,    0) (   2,    6) (   2,    4) (   2,    3) (   2,    2) (   2,    1) (   2,    3) (   2,    4)
          (   2,    3) (   2,    1) (   2,    2) (   2,    3) (   2,    1) (   2,    2) (   2,    1) (   2,    1) (   2,    2) (   2,    6)
          (   2,    4) (   2,    3) (   2,    2) (   2,    2) (   2,    1) (   2,    1) (   2,    2) (   2,    2) (   2,    2) (   2,    3)
          (   2,    2) (   2,    0) (   2,    2) (   2,    0) (   2,    4) (   2,    4) (   2,    2) (   2,    1) (   2,    3) (   2,    1)
          (   2,    1) (   2,    0) (   2,    0) (   2,    1) (   2,    2) (   2,    3) (   2,    1) (   2,    1) (   2,    2) (   2,    2)
          (   2,    1) (   2,    1) (   2,    3) (   2,    2) (   2,    1) (   2,    4) (   2,    3) (   2,    2) (   2,    3) (   2,    1)
          (   2,    1) (   2,    1) (   2,    2) (   2,    6) (   2,    0) (   2,    1) (   2,    2) (   2,    3) (   2,    7) (   2,    3)
          (   2,    3) (   2,    3) (   2,    2) (   2,    1) (   2,    5) (   2,    0) (   2,    2) (   2,    2) (   2,    5) (   2,    2)
          (   2,    1) (   2,    1) (   2,    5) (   2,    2) (   2,    1) (   2,    0) (   2,    1) (   2,    1) (   2,    3) (   2,    0)
          (   2,    1) (   2,    1) (   2,    5) (   2,    2) (   2,    2) (   2,    3) (   2,    1) (   2,    1) (   2,    5) (   2,    2)
          (   2,    5) (   2,    2) (   2,    3) (   2,    1) (   2,    2) (   2,    4) (   2,    1) (   2,    3) (   2,    0) (   2,    2)
          (   2,    1) (   2,    2) (   2,    4) (   2,    3) (   2,    2) (   2,    4) (   2,    3) (   2,    1) (   2,    2) (   2,    2)
          (   2,    2) (   2,    4) (   2,    3) (   2,    4) (   2,    2) (   2,    1) (   2,    3) (   2,    1) (   2,    3) (   2,    2)
          (   2,    0) (   2,    4) (   2,    3) (   2,    0) (   2,    1) (   2,    4) (   2,    1) (   2,    1) (   2,    2) (   2,    2)
          (   2,    3) (   2,    3) (   2,    3) (   2,    1) (   2,    1) (   2,    0) (   2,    2) (   2,    2) (   2,    3) (   2,    2)
          (   2,    3) (   2,    0) (   2,    1) (   2,    2) (   2,    3) (   2,    2) (   2,    0) (   2,    1) (   2,    3) (   2,    3)
          (   2,    2) (   2,    2) (   2,    3) (   2,    1) (   2,    4) (   2,    3) (   2,    1) (   2,    4) (   2,    0) (   2,    3)
          (   2,    1) (   2,    2) (   2,    3) (   2,    4) (   2,    3) (   2,    2) (   2,    0) (   2,    4) (   2,    3) (   2,    2)
          (   2,    2) (   2,    0) (   2,    1) (   2,    1) (   2,    2) (   2,    5) (   2,    2) (   2,    2) (   2,    1) (   2,    0)
          (   2,    3) (   2,    4) (   2,    1) (   2,    3) (   2,    0) (   2,    2) (   2,    2) (   2,    3) (   2,    2) (   2,    3)
          (   2,    2) (   2,    3) (   2,    2) (   2,    3) (   2,    0) (   2,    2) (   2,    2) (   2,    0) (   2,    5) (   2,    3)
          (   2,    1) (   2,    2) (   2,    0) (   2,    1) (   2,    1) (   2,    1) (   2,    3) (   2,    4) (   2,    1) (   2,    4)
          (   2,    2) (   2,    2) (   2,    4) (   2,    1) (   2,    0) (   2,    2) (   2,    2) (   2,    2) (   2,    3) (   2,    0)
          (   2,    1) (   2,    2) (   2,    1) (   2,    2) (   2,    2) (   2,    4) (   2,    5) (   2,    1) (   2,    4) (   2,    1)
          (   2,    2) (   2,    2) (   2,    2) (   2,    1) (   2,    0) (   2,    1) (   2,    2) (   2,    2) (   2,    2) (   2,    1)
          (   2,    3) (   2,    2) (   2,    4) (   2,    2) (   2,    2) (   2,    3) (   2,    1) (   2,    1) (   2,    4) (   2,    1)
          (   2,    3) (   2,    0) (   2,    1) (   2,    2) (   2,    3) (   2,    2) (   2,    1) (   2,    1) (   2,    1) (   2,    4)
          (   2,    1) (   2,    0) (   2,    4) (   2,    2) (   2,    1) (   2,    2) (   2,    1) (   2,    2) (   2,    0) (   2,    0)
          (   2,    2) (   2,    1) (   2,    4) (   2,    2) (   2,    3) (   2,    1) (   2,    2) (   2,    2) (   2,    2) (   2,    1)
          (   2,    5) (   2,    1) (   2,    2) (   2,    3) (   2,    2) (   2,    3) (   2,    1) (   2,    1) (   2,    2) (   2,    2)
          (   2,    0) (   2,    1) (   2,    1) (   2,    3) (   2,    5) (   2,    2) (   2,    2) (   2,    3) (   2,    2) (   2,    2)
          (   2,    0) (   2,    1) (   2,    2) (   2,    2) (   2,    2) (   2,    4) (   2,    2) (   2,    2) (   2,    1) (   2,    0)
          (   2,    2) (   2,    4) (   2,    5) (   2,    2) (   2,    0) (   2,    2) (   2,    4) (   2,    0) (   2,    2) (   2,    2)
          (   2,    2) (   2,    2) (   2,    4) (   2,    4) (   2,    2) (   2,    3) (   2,    5) (   2,    1) (   2,    2) (   2,    2)
          (   2,    5) (   2,    2) (   2,    3) (   2,    1) (   2,    4) (   2,    4) (   2,    2) (   2,    4) (   2,    0) (   2,    2)
          (   2,    2) (   2,    1) (   2,    1) (   2,    3) (   2,    2) (   2,    3) (   2,    0) (   2,    1) (   2,    2) (   2,    2)
          (   2,    5) (   2,    1) (   2,    2) (   2,    0) (   2,    2) (   2,    1) (   2,    1) (   2,    1) (   2,    2) (   2,    3)
         
node   3 sent_total   1333  recv_total   1359

node   4  (   1,    0) (   0,    0) (   2,    2) (   2,    2) (   2,    1) (   2,    1) (   2,    5) (   2,    4) (   2,    3) (   2,    3)
          (   2,    2) (   2,    1) (   2,    1) (   2,    5) (   2,    0) (   2,    0) (   2,    3) (   2,    1) (   2,    4) (   2,    3)
          (   2,    3) (   2,    3) (   2,    3) (   2,    2) (   2,    3) (   2,    3) (   2,    1) (   2,    3) (   2,    3) (   2,    1)
          (   2,    1) (   2,    3) (   2,    1) (   2,    0) (   2,    1) (   2,    5) (   2,    1) (   2,    1) (   2,    2) (   2,    1)
          (   2,    3) (   2,    1) (   2,    4) (   2,    4) (   2,    2) (   2,    3) (   2,    0) (   2,    2) (   2,    3) (   2,    0)
          (   2,    1) (   0,    7) (   1,    1) (   2,    2) (   2,    1) (   2,    2) (   2,    4) (   2,    5) (   2,    2) (   2,    3)
          (   2,    1) (   2,    2) (   0,    2) (   1,    2) (   2,    0) (   2,    3) (   2,    0) (   2,    3) (   2,    1) (   2,    2)
          (   1,    2) (   1,    3) (   2,    2) (   2,    2) (   2,    2) (   2,    4) (   2,    3) (   2,    4) (   2,    1) (   0,    1)
          (   2,    0) (   2,    1) (   2,    1) (   2,    1) (   1,    0) (   1,    4) (   2,    2) (   2,    3) (   2,    0) (   1,    3)
          (   2,    0) (   2,    3) (   2,    2) (   2,    0) (   1,    2) (   2,    3) (   2,    2) (   2,    2) (   2,    1) (   2,    3)
          (   2,    2) (   1,    0) (   2,    1) (   1,    3) (   2,    1) (   2,    1) (   2,    3) (   2,    2) (   2,    2) (   2,    3)
          (   2,    1) (   2,    0) (   2,    4) (   2,    0) (   2,    2) (   2,    3) (   2,    2) (   2,    2) (   2,    4) (   2,    2)
          (   2,    1) (   2,    3) (   2,    0) (   2,    0) (   1,    3) (   2,    2) (   2,    3) (   2,    1) (   2,    3) (   1,    0)
          (   2,    1) (   2,    0) (   2,    2) (   2,    0) (   2,    1) (   2,    2) (   2,    1) (   1,    2) (   2,    2) (   2,    1)
          (   2,    4) (   2,    1) (   2,    2) (   2,    2) (   2,    1) (   2,    2) (   2,    2) (   2,    2) (   2,    2) (   2,    1)
          (   2,    0) (   2,    4) (   2,    2) (   2,    2) (   2,    3) (   2,    3) (   2,    1) (   2,    2) (   2,    1) (   2,    1)
          (   2,    4) (   2,    1) (   2,    1) (   2,    1) (   2,    2) (   2,    0) (   2,    1) (   2,    3) (   2,    0) (   2,    4)
          (   2,    6) (   2,    2) (   2,    0) (   1,    2) (   2,    0) (   1,    1) (   2,    3) (   2,    2) (   2,    1) (   2,    1)
          (   2,    0) (   2,    4) (   2,    1) (   2,    0) (   2,    2) (   1,    1) (   2,    0) (   2,    3) (   1,    1) (   1,    3)
          (   2,    0) (   1,    2) (   2,    2) (   2,    1) (   2,    2) (   1,    2) (   2,    1) (   2,    3) (   2,    1) (   2,    4)
          (   2,    3) (   2,    5) (   2,    1) (   2,    2) (   2,    0) (   2,    0) (   2,    0) (   2,    2) (   2,    2) (   2,    2)
          (   2,    0) (   2,    1) (   1,    2) (   2,    5) (   2,    3) (   2,    1) (   2,    2) (   1,    2) (   2,    1) (   2,    3)
          (   2,    0) (   2,    2) (   1,    3) (   2,    1) (   2,    5) (   2,    2) (   2,    1) (   2,    3) (   1,    0) (   2,    0)
          (   1,    1) (   1,    1) (   2,    1) (   2,    3) (   2,    0) (   2,    4) (   2,    3) (   2,    0) (   1,    0) (   2,    2)
          (   2,    3) (   2,    5) (   1,    1) (   2,    1) (   2,    4) (   2,    3) (   1,    1) (   2,    1) (   0,    0) (   2,    1)
          (   1,    2) (   2,    1) (   2,    0) (   2,    5) (   2,    3) (   2,    1) (   1,    3) (   1,    1) (   2,    2) (   2,    2)
          (   2,    3) (   2,    2) (   2,    1) (   1,    1) (   1,    1) (   2,    1) (   2,    2) (   2,    1) (   1,    2) (   2,    2)
          (   1,    0) (   2,    1) (   1,    0) (   2,    2) (   2,    1) (   2,    3) (   2,    3) (   2,    4) (   2,    1) (   2,    2)
          (   2,    2) (   2,    1) (   1,    2) (   2,    1) (   1,    1) (   2,    0) (   2,    5) (   2,    1) (   2,    0) (   2,    3)
          (   2,    1) (   2,    2) (   2,    2) (   2,    1) (   2,    0) (   2,    0) (   2,    5) (   2,    1) (   2,    3) (   2,    1)
          (   2,    4) (   2,    4) (   2,    0) (   2,    1) (   2,    2) (   2,    3) (   2,    1) (   2,    1) (   2,    1) (   2,    4)
          (   2,    1) (   2,    1) (   2,    1) (   2,    1) (   2,    1) (   2,    2) (   2,    3) (   2,    1) (   2,    1) (   2,    1)
          (   2,    4) (   2,    1) (   2,    3) (   2,    1) (   2,    1) (   2,    2) (   2,    1) (   2,    1) (   2,    3) (   2,    3)
          (   2,    3) (   2,    1) (   2,    0) (   2,    1) (   2,    3) (   2,    1) (   2,    2) (   2,    2) (   2,    1) (   2,    2)
          (   2,    2) (   2,    2) (   2,    2) (   2,    3) (   2,    1) (   2,    0) (   2,    0) (   2,    1) (   2,    3) (   2,    1)
          (   2,    2) (   2,    2) (   2,    1) (   2,    0) (   2,    4) (   2,    2) (   2,    2) (   2,    3) (   2,    1) (   2,    3)
          (   2,    2) (   2,    2) (   2,    1) (   2,    5) (   2,    2) (   2,    2) (   2,    5) (   2,    4) (   2,    1) (   2,    4)
          (   2,    0) (   2,    3) (   2,    1) (   2,    2) (   2,    1) (   2,    3) (   2,    2) (   2,    0) (   2,    3) (   2,    2)
          (   2,    2) (   2,    4) (   2,    4) (   2,    2) (   2,    3) (   2,    0) (   2,    2) (   2,    3) (   2,    2) (   2,    1)
          (   2,    3) (   2,    1) (   2,    0) (   2,    2) (   2,    1) (   2,    2) (   2,    4) (   2,    2) (   2,    2) (   2,    1)
          (   2,    3) (   2,    4) (   2,    1) (   2,    2) (   2,    1) (   2,    3) (   2,    1) (   2,    2) (   2,    2) (   2,    0)
          (   2,    3) (   2,    3) (   2,    1) (   2,    1) (   2,    2) (   2,    2) (   2,    3) (   2,    1) (   2,    0) (   2,    1)
          (   2,    3) (   2,    1) (   2,    0) (   2,    2) (   2,    5) (   2,    1) (   2,    5) (   2,    1) (   2,    3) (   2,    3)
          (   2,    1) (   2,    1) (   2,    0) (   2,    2) (   2,    3) (   2,    1) (   2,    4) (   2,    2) (   2,    2) (   2,    3)
          (   2,    2) (   2,    0) (   2,    3) (   2,    4) (   2,    2) (   2,    1) (   2,    4) (   2,    1) (   2,    0) (   2,    3)
          (   2,    3) (   2,    1) (   2,    2) (   2,    1) (   2,    3) (   2,    3) (   2,    4) (   2,    0) (   2,    1) (   2,    1)
          (   2,    0) (   2,    3) (   2,    2) (   2,    2) (   2,    2) (   2,    3) (   2,    3) (   2,    2) (   2,    3) (   2,    0)
          (   2,    1) (   2,    3) (   2,    1) (   2,    3) (   2,    3) (   2,    1) (   2,    0) (   2,    2) (   2,    3) (   2,    3)
          (   2,    0) (   2,    0) (   2,    5) (   2,    1) (   2,    0) (   2,    3) (   2,    1) (   2,    1) (   2,    2) (   2,    1)
          (   2,    7) (   2,    2) (   2,    1) (   2,    0) (   2,    1) (   2,    2) (   2,    2) (   2,    2) (   2,    1) (   2,    1)
          (   2,    3) (   2,    2) (   2,    1) (   2,    1) (   2,    3) (   2,    2) (   2,    1) (   2,    2) (   2,    2) (   2,    2)
          (   2,    0) (   2,    1) (   2,    0) (   2,    1) (   2,    2) (   2,    1) (   2,    2) (   2,    3) (   2,    2) (   2,    2)
          (   2,    2) (   2,    0) (   2,    3) (   2,    1) (   2,    1) (   2,    3) (   2,    5) (   2,    2) (   2,    3) (   2,    3)
          (   2,    2) (   2,    1) (   2,    2) (   2,    2) (   2,    3) (   2,    3) (   2,    2) (   2,    0) (   2,    2) (   2,    0)
          (   2,    1) (   2,    2) (   2,    3) (   2,    1) (   2,    1) (   2,    3) (   2,    3) (   2,    1) (   2,    2) (   2,    2)
          (   2,    1) (   2,    1) (   2,    3) (   2,    1) (   2,    1) (   2,    1) (   2,    1) (   2,    1) (   2,    2) (   2,    0)
          (   2,    3) (   2,    2) (   2,    2) (   2,    4) (   2,    2) (   2,    2) (   2,    2) (   2,    2) (   2,    1) (   2,    1)
          (   2,    2) (   2,    4) (   2,    2) (   2,    0) (   2,    1) (   2,    4) (   2,    4) (   2,    2) (   2,    2) (   2,    2)
          (   2,    1) (   2,    2) (   2,    3) (   2,    3) (   2,    4) (   2,    0) (   2,    4) (   2,    5) (   2,    1) (   2,    2)
          (   2,    2) (   2,    2) (   2,    1) (   2,    3) (   2,    1) (   2,    5) (   2,    1) (   2,    2) (   2,    1) (   2,    0)
          (   2,    2) (   2,    0) (   2,    1) (   2,    2) (   2,    2) (   2,    0) (   2,    2) (   2,    2) (   2,    2) (   2,    2)
          (   2,    1) (   2,    3) (   2,    5) (   2,    1) (   2,    1) (   2,    2) (   2,    2) (   2,    1) (   2,    4) (   2,    2)
          (   2,    0) (   2,    3) (   2,    1) (   2,    2) (   2,    7) (   2,    1) (   2,    2) (   2,    0) (   2,    2) (   2,    0)
          (   2,    2) (   2,    1) (   2,    3) (   2,    3) (   2,    2) (   2,    2) (   2,    3) (   2,    3) (   2,    2) (   2,    2)
          (   2,    1) (   2,    1) (   2,    0) (   2,    2) (   2,    2) (   2,    0) (   2,    2) (   2,    2) (   2,    1) (   2,    2)
          (   2,    2) (   2,    1) (   2,    3) (   2,    2) (   2,    1) (   2,    1) (   2,    1) (   2,    1) (   2,    3) (   2,    2)
          (   2,    1) (   2,    1) (   2,    1) (   2,    1) (   2,    2) (   2,    3) (   2,    2) (   2,    1) (   2,    3) (   2,    1)
          (   2,    1) (   2,    3) (   2,    4) (   2,    3) (   2,    2) (   2,    0) (   2,    2) (   2,    2) (   2,    2) (   2,    0)
          (   2,    1) (   2,    3) (   2,    1) (   2,    4) (   2,    0) (   2,    2) (   2,    3) (   2,    2) (   2,    3) (   2,    3)
          (   2,    1) (   2,    3) (   2,    1) (   2,    2) (   2,    1) (   2,    4) (   2,    0) (   2,    0) (   2,    1) (   2,    1)
         
node   4 sent_total   1350  recv_total   1303

node   5  (   0,    0) (   1,    0) (   0,    0) (   2,    1) (   2,    0) (   2,    2) (   2,    2) (   2,    1) (   2,    1) (   2,    2)
          (   2,    4) (   2,    0) (   2,    2) (   2,    1) (   2,    2) (   2,    4) (   2,    1) (   2,    0) (   2,    2) (   2,    2)
          (   2,    2) (   2,    0) (   2,    2) (   2,    3) (   2,    3) (   2,    3) (   2,    1) (   2,    1) (   2,    1) (   2,    1)
          (   2,    3) (   2,    2) (   2,    2) (   2,    4) (   2,    1) (   2,    2) (   2,    1) (   2,    1) (   2,    3) (   2,    2)
          (   2,    5) (   2,    3) (   2,    0) (   2,    0) (   2,    2) (   2,    2) (   2,    2) (   2,    3) (   2,    3) (   2,    3)
          (   2,    4) (   1,    1) (   2,    1) (   2,    0) (   1,    1) (   2,    3) (   1,    3) (   2,    1) (   2,    1) (   2,    2)
          (   1,    3) (   1,    1) (   2,    0) (   1,    0) (   2,    1) (   1,    6) (   2,    4) (   2,    1) (   2,    0) (   2,    0)
          (   2,    1) (   2,    2) (   2,    0) (   2,    3) (   2,    2) (   2,    3) (   2,    6) (   2,    0) (   2,    1) (   0,    2)
          (   1,    2) (   2,    1) (   2,    2) (   2,    0) (   2,    0) (   2,    0) (   2,    2) (   1,    0) (   2,    1) (   2,    1)
          (   2,    4) (   2,    1) (   1,    3) (   2,    2) (   2,    1) (   2,    1) (   2,    3) (   2,    2) (   2,    1) (   2,    1)
          (   2,    0) (   2,    2) (   2,    0) (   2,    1) (   2,    1) (   2,    1) (   2,    1) (   1,    1) (   2,    2) (   2,    0)
          (   2,    0) (   2,    1) (   2,    3) (   1,    2) (   2,    1) (   2,    1) (   2,    1) (   2,    0) (   2,    0) (   2,    1)
          (   2,    2) (   2,    1) (   2,    1) (   2,    3) (   1,    0) (   2,    1) (   2,    1) (   1,    2) (   2,    1) (   2,    4)
          (   2,    1) (   2,    0) (   2,    1) (   2,    2) (   1,    0) (   2,    2) (   2,    1) (   1,    0) (   2,    5) (   2,    3)
          (   2,    1) (   2,    2) (   1,    3) (   2,    0) (   2,    5) (   2,    0) (   2,    0) (   2,    1) (   2,    0) (   2,    3)
          (   1,    1) (   2,    1) (   1,    2) (   2,    1) (   2,    2) (   2,    1) (   2,    3) (   2,    2) (   2,    3) (   2,    0)
          (   1,    1) (   2,    3) (   2,    2) (   2,    1) (   2,    2) (   2,    2) (   1,    4) (   2,    2) (   2,    1) (   2,    2)
          (   2,    0) (   2,    4) (   1,    0) (   2,    2) (   1,    1) (   2,    1) (   2,    1) (   2,    1) (   2,    1) (   1,    0)
          (   1,    0) (   2,    2) (   2,    2) (   2,    2) (   2,    2) (   2,    1) (   2,    0) (   2,    2) (   2,    2) (   2,    2)
          (   2,    4) (   2,    3) (   2,    1) (   2,    1) (   2,    2) (   2,    2) (   2,    1) (   2,    1) (   1,    4) (   2,    2)
          (   0,    2) (   2,    0) (   2,    3) (   2,    2) (   2,    1) (   2,    2) (   1,    4) (   2,    2) (   2,    1) (   2,    1)
          (   2,    0) (   2,    2) (   2,    3) (   2,    0) (   2,    1) (   2,    1) (   2,    1) (   2,    1) (   2,    1) (   2,    2)
          (   2,    1) (   2,    4) (   2,    4) (   2,    1) (   2,    1) (   2,    3) (   2,    2) (   2,    0) (   2,    3) (   2,    1)
          (   2,    1) (   2,    3) (   2,    2) (   2,    2) (   2,    4) (   2,    2) (   2,    2) (   1,    3) (   2,    1) (   2,    1)
          (   0,    1) (   1,    1) (   2,    2) (   2,    1) (   2,    3) (   1,    0) (   2,    4) (   2,    2) (   2,    3) (   2,    1)
          (   2,    1) (   2,    5) (   2,    1) (   2,    2) (   2,    0) (   2,    3) (   2,    1) (   0,    1) (   2,    0) (   2,    2)
          (   2,    4) (   2,    0) (   2,    4) (   2,    0) (   2,    1) (   2,    2) (   2,    1) (   2,    3) (   2,    1) (   1,    3)
          (   2,    1) (   2,    1) (   2,    1) (   2,    3) (   2,    1) (   2,    0) (   2,    1) (   2,    0) (   1,    2) (   2,    3)
          (   2,    3) (   2,    1) (   2,    2) (   2,    1) (   2,    2) (   2,    1) (   2,    2) (   2,    2) (   2,    1) (   1,    2)
          (   2,    2) (   2,    1) (   2,    1) (   2,    2) (   2,    2) (   1,    0) (   1,    1) (   2,    2) (   1,    1) (   2,    2)
          (   2,    2) (   2,    1) (   2,    1) (   2,    2) (   2,    6) (   2,    1) (   2,    2) (   2,    4) (   2,    1) (   2,    2)
          (   2,    1) (   2,    4) (   2,    1) (   2,    2) (   2,    2) (   2,    2) (   2,    0) (   2,    3) (   2,    2) (   2,    2)
          (   2,    2) (   2,    1) (   2,    1) (   2,    6) (   2,    3) (   2,    4) (   2,    2) (   2,    3) (   2,    2) (   2,    2)
          (   2,    0) (   2,    0) (   2,    4) (   2,    4) (   2,    0) (   2,    1) (   2,    1) (   2,    2) (   2,    2) (   2,    0)
          (   2,    1) (   2,    0) (   2,    3) (   2,    2) (   2,    2) (   2,    3) (   2,    1) (   2,    2) (   2,    1) (   2,    3)
          (   2,    3) (   2,    3) (   2,    2) (   2,    4) (   2,    1) (   2,    5) (   2,    4) (   2,    2) (   2,    3) (   2,    6)
          (   2,    3) (   2,    2) (   2,    4) (   2,    1) (   2,    2) (   2,    4) (   2,    1) (   2,    3) (   2,    3) (   2,    1)
          (   2,    0) (   2,    1) (   2,    2) (   2,    3) (   2,    3) (   2,    3) (   2,    2) (   2,    3) (   2,    3) (   2,    3)
          (   2,    0) (   2,    1) (   2,    2) (   2,    3) (   2,    3) (   2,    2) (   2,    3) (   2,    3) (   2,    1) (   2,    3)
          (   2,    2) (   2,    4) (   2,    2) (   2,    1) (   2,    1) (   2,    2) (   2,    5) (   2,    3) (   2,    1) (   2,    2)
          (   2,    2) (   2,    1) (   2,    1) (   2,    2) (   2,    3) (   2,    4) (   2,    6) (   2,    2) (   2,    1) (   2,    1)
          (   2,    4) (   2,    2) (   2,    3) (   2,    1) (   2,    1) (   2,    0) (   2,    3) (   2,    2) (   2,    4) (   2,    1)
          (   2,    1) (   2,    2) (   2,    1) (   2,    1) (   2,    1) (   2,    2) (   2,    0) (   2,    1) (   2,    0) (   2,    3)
          (   2,    3) (   2,    1) (   2,    2) (   2,    1) (   2,    3) (   2,    2) (   2,    1) (   2,    1) (   2,    2) (   2,    3)
          (   2,    3) (   2,    4) (   2,    1) (   2,    1) (   2,    1) (   2,    2) (   2,    1) (   2,    2) (   2,    3) (   2,    1)
          (   2,    3) (   2,    4) (   2,    4) (   2,    2) (   2,    3) (   2,    0) (   2,    2) (   2,    3) (   2,    2) (   2,    0)
          (   2,    0) (   2,    2) (   2,    0) (   2,    3) (   2,    2) (   2,    4) (   2,    1) (   2,    3) (   2,    3) (   2,    2)
          (   2,    1) (   2,    0) (   2,    3) (   2,    1) (   2,    2) (   2,    2) (   2,    0) (   2,    3) (   2,    2) (   2,    6)
          (   2,    1) (   2,    4) (   2,    2) (   2,    4) (   2,    2) (   2,    2) (   2,    2) (   2,    1) (   2,    2) (   2,    2)
          (   2,    2) (   2,    2) (   2,    2) (   2,    1) (   2,    3) (   2,    5) (   2,    1) (   2,    2) (   2,    3) (   2,    1)
          (   2,    3) (   2,    3) (   2,    2) (   2,    4) (   2,    2) (   2,    0) (   2,    1) (   2,    1) (   2,    1) (   2,    3)
          (   2,    2) (   2,    3) (   2,    2) (   2,    1) (   2,    2) (   2,    3) (   2,    3) (   2,    2) (   2,    1) (   2,    1)
          (   2,    3) (   2,    3) (   2,    1) (   2,    1) (   2,    2) (   2,    2) (   2,    1) (   2,    1) (   2,    2) (   2,    3)
          (   2,    2) (   2,    0) (   2,    3) (   2,    3) (   2,    4) (   2,    2) (   2,    3) (   2,    3) (   2,    0) (   2,    1)
          (   2,    2) (   2,    2) (   2,    6) (   2,    3) (   2,    1) (   2,    3) (   2,    3) (   2,    2) (   2,    0) (   2,    3)
          (   2,    0) (   2,    1) (   2,    1) (   2,    3) (   2,    3) (   2,    2) (   2,    3) (   2,    2) (   2,    3) (   2,    2)
          (   2,    0) (   2,    3) (   2,    1) (   2,    0) (   2,    3) (   2,    2) (   2,    3) (   2,    2) (   2,    2) (   2,    2)
          (   2,    1) (   2,    2) (   2,    2) (   2,    2) (   2,    3) (   2,    2) (   2,    0) (   2,    1) (   2,    2) (   2,    1)
          (   2,    1) (   2,    0) (   2,    0) (   2,    0) (   2,    3) (   2,    3) (   2,    2) (   2,    1) (   2,    2) (   2,    4)
          (   2,    1) (   2,    3) (   2,    2) (   2,    2) (   2,    5) (   2,    0) (   2,    3) (   2,    1) (   2,    2) (   2,    2)
          (   2,    3) (   2,    1) (   2,    3) (   2,    2) (   2,    3) (   2,    1) (   2,    3) (   2,    2) (   2,    2) (   2,    2)
          (   2,    2) (   2,    1) (   2,    1) (   2,    3) (   2,    2) (   2,    4) (   2,    3) (   2,    2) (   2,    0) (   2,    2)
          (   2,    2) (   2,    2) (   2,    3) (   2,    2) (   2,    1) (   2,    2) (   2,    3) (   2,    1) (   2,    2) (   2,    3)
          (   2,    3) (   2,    2) (   2,    1) (   2,    2) (   2,    2) (   2,    2) (   2,    3) (   2,    4) (   2,    1) (   2,    2)
          (   2,    4) (   2,    0) (   2,    1) (   2,    2) (   2,    1) (   2,    2) (   2,    2) (   2,    2) (   2,    2) (   2,    2)
          (   2,    3) (   2,    2) (   2,    2) (   2,    5) (   2,    0) (   2,    3) (   2,    6) (   2,    3) (   2,    2) (   2,    1)
          (   2,    1) (   2,    7) (   2,    1) (   2,    2) (   2,    1) (   2,    2) (   2,    4) (   2,    1) (   2,    3) (   2,    0)
          (   2,    2) (   2,    4) (   2,    2) (   2,    2) (   2,    1) (   2,    1) (   2,    2) (   2,    2) (   2,    2) (   2,    1)
          (   2,    1) (   2,    1) (   2,    3) (   2,    1) (   2,    1) (   2,    0) (   2,    1) (   2,    2) (   2,    2) (   2,    3)
          (   2,    2) (   2,    2) (   2,    2) (   2,    1) (   2,    0) (   2,    1) (   2,    0) (   2,    1) (   2,    2) (   2,    2)
         
node   5 sent_total   1351  recv_total   1304

node   6  (   0,    0) (   1,    0) (   0,    0) (   2,    1) (   2,    0) (   2,    0) (   2,    1) (   2,    2) (   2,    1) (   2,    5)
          (   2,    1) (   2,    3) (   2,    3) (   2,    3) (   2,    3) (   2,    3) (   2,    4) (   2,    1) (   2,    1) (   2,    2)
          (   2,    2) (   2,    2) (   2,    3) (   2,    1) (   2,    1) (   2,    5) (   2,    0) (   2,    1) (   2,    1) (   2,    5)
          (   2,    1) (   2,    3) (   2,    2) (   2,    5) (   2,    7) (   2,    1) (   2,    2) (   2,    2) (   2,    1) (   2,    2)
          (   2,    2) (   2,    1) (   2,    2) (   2,    1) (   2,    3) (   2,    3) (   2,    3) (   2,    1) (   2,    1) (   2,    2)
          (   2,    3) (   2,    0) (   2,    3) (   2,    2) (   2,    1) (   2,    2) (   2,    2) (   2,    2) (   2,    3) (   1,    1)
          (   2,    1) (   2,    1) (   2,    4) (   2,    1) (   2,    5) (   2,    1) (   1,    1) (   2,    2) (   2,    4) (   2,    2)
          (   2,    2) (   2,    1) (   2,    1) (   2,    2) (   2,    3) (   2,    0) (   2,    1) (   2,    0) (   2,    1) (   2,    2)
          (   1,    1) (   2,    1) (   2,    2) (   2,    2) (   2,    2) (   2,    2) (   2,    3) (   2,    2) (   2,    2) (   2,    5)
          (   1,    2) (   2,    1) (   2,    2) (   1,    0) (   1,    1) (   2,    2) (   2,    3) (   1,    2) (   2,    2) (   2,    1)
          (   1,    5) (   2,    1) (   1,    0) (   2,    2) (   2,    1) (   2,    1) (   1,    1) (   1,    2) (   2,    2) (   2,    3)
          (   1,    1) (   2,    1) (   2,    2) (   2,    3) (   2,    5) (   2,    3) (   2,    2) (   2,    2) (   2,    4) (   2,    0)
          (   1,    3) (   2,    1) (   1,    1) (   2,    1) (   2,    1) (   1,    1) (   2,    1) (   1,    0) (   2,    2) (   1,    0)
          (   1,    1) (   2,    1) (   2,    2) (   2,    2) (   2,    1) (   1,    1) (   2,    4) (   2,    3) (   1,    1) (   2,    0)
          (   2,    1) (   2,    2) (   2,    2) (   2,    2) (   2,    1) (   2,    2) (   2,    1) (   2,    3) (   2,    2) (   1,    2)
          (   2,    2) (   2,    3) (   1,    2) (   1,    3) (   1,    1) (   2,    1) (   2,    2) (   1,    1) (   2,    2) (   2,    1)
          (   2,    3) (   2,    2) (   1,    3) (   2,    6) (   2,    1) (   2,    1) (   2,    2) (   2,    0) (   2,    2) (   2,    2)
          (   2,    3) (   2,    3) (   1,    2) (   2,    1) (   2,    3) (   2,    0) (   2,    2) (   2,    4) (   2,    4) (   1,    4)
          (   2,    2) (   2,    0) (   2,    1) (   2,    2) (   2,    0) (   2,    1) (   2,    1) (   1,    1) (   2,    1) (   2,    1)
          (   2,    1) (   2,    1) (   2,    1) (   1,    4) (   1,    1) (   2,    2) (   2,    1) (   2,    1) (   2,    2) (   1,    2)
          (   2,    1) (   2,    0) (   2,    1) (   2,    1) (   1,    2) (   2,    3) (   2,    2) (   1,    2) (   2,    1) (   2,    1)
          (   2,    0) (   1,    0) (   2,    1) (   2,    0) (   2,    1) (   2,    1) (   2,    0) (   1,    5) (   1,    2) (   1,    2)
          (   2,    2) (   2,    2) (   1,    4) (   1,    0) (   1,    1) (   2,    3) (   2,    1) (   2,    2) (   2,    1) (   2,    3)
          (   1,    1) (   2,    5) (   2,    0) (   2,    4) (   2,    3) (   2,    1) (   1,    0) (   2,    1) (   2,    2) (   1,    3)
          (   2,    2) (   2,    1) (   2,    1) (   1,    2) (   2,    1) (   2,    0) (   2,    2) (   2,    1) (   1,    3) (   2,    1)
          (   2,    2) (   1,    2) (   2,    0) (   2,    1) (   2,    3) (   2,    0) (   2,    3) (   2,    2) (   2,    2) (   2,    2)
          (   2,    2) (   2,    1) (   2,    1) (   2,    6) (   2,    2) (   2,    3) (   2,    2) (   2,    3) (   1,    3) (   2,    3)
          (   1,    2) (   2,    2) (   2,    2) (   2,    1) (   2,    2) (   2,    1) (   1,    0) (   2,    2) (   2,    3) (   2,    2)
          (   2,    0) (   2,    0) (   2,    3) (   2,    1) (   2,    5) (   1,    2) (   1,    1) (   1,    2) (   2,    1) (   2,    1)
          (   2,    2) (   2,    1) (   2,    2) (   1,    2) (   1,    2) (   2,    1) (   2,    1) (   2,    3) (   2,    3) (   2,    4)
          (   1,    2) (   2,    1) (   2,    2) (   2,    1) (   2,    1) (   2,    5) (   2,    2) (   2,    2) (   2,    4) (   2,    2)
          (   2,    0) (   2,    2) (   2,    2) (   2,    2) (   2,    1) (   2,    2) (   2,    3) (   2,    6) (   2,    1) (   2,    2)
          (   2,    2) (   2,    3) (   2,    1) (   2,    1) (   2,    2) (   2,    0) (   2,    1) (   2,    2) (   2,    1) (   2,    3)
          (   2,    1) (   2,    1) (   2,    2) (   2,    3) (   2,    2) (   2,    2) (   2,    2) (   2,    4) (   2,    2) (   2,    2)
          (   2,    3) (   2,    3) (   2,    0) (   2,    2) (   2,    1) (   2,    3) (   2,    3) (   2,    0) (   2,    2) (   2,    4)
          (   2,    2) (   2,    1) (   2,    1) (   2,    3) (   2,    3) (   2,    1) (   2,    2) (   2,    1) (   2,    4) (   2,    0)
          (   2,    2) (   2,    3) (   2,    2) (   2,    2) (   2,    2) (   2,    0) (   2,    3) (   2,    2) (   2,    3) (   2,    1)
          (   2,    3) (   2,    3) (   2,    2) (   2,    3) (   2,    0) (   2,    3) (   2,    2) (   2,    1) (   2,    2) (   2,    4)
          (   2,    1) (   2,    3) (   2,    2) (   2,    1) (   2,    0) (   2,    1) (   2,    3) (   2,    1) (   2,    2) (   2,    3)
          (   2,    0) (   2,    0) (   2,    4) (   2,    1) (   2,    3) (   2,    3) (   2,    0) (   2,    2) (   2,    1) (   2,    1)
          (   2,    2) (   2,    1) (   2,    5) (   2,    4) (   2,    0) (   2,    4) (   2,    2) (   2,    0) (   2,    0) (   2,    3)
          (   2,    1) (   2,    4) (   2,    0) (   2,    1) (   2,    0) (   2,    1) (   2,    0) (   2,    0) (   2,    3) (   2,    2)
          (   2,    0) (   2,    3) (   2,    2) (   2,    5) (   2,    2) (   2,    2) (   2,    1) (   2,    2) (   2,    1) (   2,    3)
          (   2,    3) (   2,    4) (   2,    2) (   2,    0) (   2,    3) (   2,    0) (   2,    2) (   2,    2) (   2,    5) (   2,    3)
          (   2,    1) (   2,    1) (   2,    2) (   2,    0) (   2,    1) (   2,    2) (   2,    3) (   2,    4) (   2,    6) (   2,    1)
          (   2,    2) (   2,    1) (   2,    0) (   2,    3) (   2,    1) (   2,    5) (   2,    3) (   2,    2) (   2,    0) (   2,    2)
          (   2,    5) (   2,    1) (   2,    1) (   2,    3) (   2,    1) (   2,    1) (   2,    3) (   2,    2) (   2,    2) (   2,    2)
          (   2,    6) (   2,    1) (   2,    3) (   2,    3) (   2,    4) (   2,    1) (   2,    3) (   2,    6) (   2,    0) (   2,    0)
          (   2,    2) (   2,    3) (   2,    1) (   2,    2) (   2,    2) (   2,    2) (   2,    3) (   2,    3) (   2,    1) (   2,    1)
          (   2,    2) (   2,    1) (   2,    1) (   2,    2) (   2,    1) (   2,    1) (   2,    3) (   2,    1) (   2,    2) (   2,    2)
          (   2,    1) (   2,    4) (   2,    4) (   2,    2) (   2,    2) (   2,    4) (   2,    2) (   2,    1) (   2,    0) (   2,    1)
          (   2,    2) (   2,    3) (   2,    2) (   2,    3) (   2,    2) (   2,    1) (   2,    2) (   2,    1) (   2,    1) (   2,    4)
          (   2,    2) (   2,    1) (   2,    1) (   2,    1) (   2,    0) (   2,    2) (   2,    2) (   2,    1) (   2,    5) (   2,    2)
          (   2,    2) (   2,    1) (   2,    1) (   2,    3) (   2,    6) (   2,    1) (   2,    2) (   2,    0) (   2,    2) (   2,    1)
          (   2,    4) (   2,    0) (   2,    1) (   2,    1) (   2,    1) (   2,    3) (   2,    1) (   2,    0) (   2,    3) (   2,    1)
          (   2,    2) (   2,    1) (   2,    2) (   2,    2) (   2,    0) (   2,    2) (   2,    3) (   2,    2) (   2,    1) (   2,    3)
          (   2,    3) (   2,    1) (   2,    4) (   2,    2) (   2,    1) (   2,    4) (   2,    1) (   2,    2) (   2,    3) (   2,    5)
          (   2,    0) (   2,    2) (   2,    2) (   2,    2) (   2,    1) (   2,    2) (   2,    3) (   2,    2) (   2,    2) (   2,    1)
          (   2,    6) (   2,    4) (   2,    2) (   2,    2) (   2,    2) (   2,    2) (   2,    5) (   2,    1) (   2,    0) (   2,    2)
          (   2,    3) (   2,    3) (   2,    1) (   2,    1) (   2,    1) (   2,    3) (   2,    1) (   2,    4) (   2,    3) (   2,    1)
          (   2,    2) (   2,    4) (   2,    1) (   2,    4) (   2,    4) (   2,    5) (   2,    1) (   2,    4) (   2,    2) (   2,    3)
          (   2,    4) (   2,    3) (   2,    2) (   2,    2) (   2,    1) (   2,    0) (   2,    3) (   2,    4) (   2,    2) (   2,    1)
          (   2,    1) (   2,    1) (   2,    4) (   2,    2) (   2,    3) (   2,    1) (   2,    1) (   2,    4) (   2,    3) (   2,    1)
          (   2,    2) (   2,    3) (   2,    2) (   2,    2) (   2,    2) (   2,    4) (   2,    2) (   2,    0) (   2,    0) (   2,    7)
          (   2,    3) (   2,    3) (   2,    2) (   2,    1) (   2,    1) (   2,    1) (   2,    2) (   2,    1) (   2,    1) (   2,    3)
          (   2,    3) (   2,    0) (   2,    1) (   2,    1) (   2,    2) (   2,    0) (   2,    0) (   2,    2) (   2,    2) (   2,    1)
          (   2,    0) (   2,    5) (   2,    0) (   2,    2) (   2,    3) (   2,    1) (   2,    0) (   2,    3) (   2,    1) (   2,    1)
          (   2,    1) (   2,    2) (   2,    2) (   2,    3) (   2,    1) (   2,    0) (   2,    3) (   2,    4) (   2,    1) (   2,    4)
          (   2,    1) (   2,    3) (   2,    2) (   2,    0) (   2,    1) (   2,    0) (   2,    1) (   2,    0) (   2,    1) (   2,    1)
          (   2,    2) (   2,    1) (   2,    2) (   2,    5) (   2,    3) (   2,    1) (   2,    2) (   2,    2) (   2,    3) (   2,    0)
         
node   6 sent_total   1339  recv_total   1338

node   7  (   0,    0) (   1,    0) (   0,    0) (   2,    1) (   2,    3) (   2,    4) (   2,    3) (   2,    1) (   2,    3) (   2,    1)
          (   2,    0) (   2,    4) (   2,    2) (   2,    4) (   2,    2) (   2,    2) (   2,    2) (   2,    2) (   2,    1) (   2,    1)
          (   2,    1) (   2,    4) (   2,    1) (   2,    1) (   2,    5) (   2,    1) (   2,    4) (   2,    1) (   2,    4) (   2,    3)
          (   2,    1) (   2,    2) (   2,    2) (   2,    1) (   2,    2) (   2,    2) (   2,    1) (   2,    1) (   2,    2) (   2,    1)
          (   2,    1) (   2,    1) (   2,    5) (   2,    1) (   2,    1) (   2,    1) (   2,    5) (   2,    1) (   2,    2) (   2,    1)
          (   2,    2) (   2,    1) (   2,    2) (   2,    1) (   2,    2) (   2,    3) (   2,    2) (   2,    0) (   2,    4) (   2,    2)
          (   2,    3) (   2,    2) (   2,    2) (   2,    1) (   2,    2) (   2,    0) (   2,    2) (   2,    3) (   1,    2) (   2,    4)
          (   2,    0) (   2,    0) (   1,    3) (   2,    0) (   2,    1) (   2,    3) (   1,    0) (   1,    3) (   2,    3) (   2,    3)
          (   2,    1) (   2,    1) (   2,    4) (   2,    3) (   2,    2) (   2,    1) (   2,    2) (   2,    3) (   2,    0) (   1,    2)
          (   2,    1) (   1,    0) (   2,    1) (   2,    4) (   2,    0) (   2,    1) (   2,    0) (   2,    0) (   2,    3) (   2,    3)
          (   2,    0) (   2,    3) (   2,    4) (   2,    1) (   2,    2) (   2,    3) (   2,    2) (   2,    1) (   2,    1) (   2,    2)
          (   2,    3) (   2,    2) (   2,    1) (   2,    0) (   2,    1) (   2,    1) (   2,    2) (   1,    2) (   2,    3) (   2,    2)
          (   2,    3) (   0,    1) (   2,    1) (   2,    2) (   1,    3) (   2,    1) (   2,    1) (   2,    0) (   2,    1) (   1,    0)
          (   1,    5) (   1,    2) (   2,    1) (   2,    2) (   2,    1) (   1,    0) (   2,    2) (   2,    4) (   1,    2) (   2,    2)
          (   2,    2) (   2,    4) (   2,    3) (   2,    3) (   2,    1) (   2,    3) (   2,    2) (   2,    2) (   1,    0) (   2,    0)
          (   2,    2) (   2,    1) (   2,    3) (   2,    1) (   1,    0) (   1,    1) (   2,    4) (   2,    3) (   2,    4) (   2,    2)
          (   1,    1) (   2,    1) (   0,    1) (   2,    0) (   1,    2) (   2,    4) (   2,    2) (   2,    2) (   2,    3) (   2,    1)
          (   2,    2) (   2,    0) (   2,    2) (   2,    0) (   2,    3) (   2,    4) (   2,    0) (   2,    2) (   2,    2) (   2,    3)
          (   2,    0) (   1,    1) (   1,    1) (   2,    2) (   2,    2) (   2,    4) (   2,    0) (   2,    3) (   2,    3) (   2,    0)
          (   2,    2) (   2,    0) (   2,    1) (   2,    1) (   2,    5) (   2,    2) (   2,    1) (   1,    1) (   2,    2) (   1,    3)
          (   2,    0) (   2,    4) (   1,    2) (   2,    1) (   2,    0) (   2,    3) (   2,    4) (   2,    1) (   2,    2) (   2,    1)
          (   1,    4) (   2,    2) (   2,    2) (   2,    3) (   0,    4) (   2,    5) (   2,    3) (   2,    2) (   2,    3) (   2,    2)
          (   2,    4) (   2,    2) (   2,    2) (   2,    1) (   2,    1) (   1,    0) (   2,    2) (   2,    1) (   2,    2) (   2,    2)
          (   2,    2) (   1,    0) (   2,    2) (   2,    3) (   1,    2) (   2,    1) (   2,    0) (   2,    6) (   2,    2) (   2,    1)
          (   2,    1) (   2,    0) (   2,    1) (   2,    1) (   2,    2) (   1,    1) (   2,    2) (   2,    1) (   0,    1) (   2,    1)
          (   2,    2) (   2,    1) (   2,    1) (   2,    3) (   2,    2) (   2,    2) (   2,    1) (   2,    2) (   2,    1) (   1,    1)
          (   2,    2) (   2,    3) (   1,    1) (   2,    1) (   2,    2) (   1,    2) (   2,    1) (   2,    1) (   2,    4) (   2,    1)
          (   2,    3) (   2,    2) (   2,    4) (   2,    2) (   2,    3) (   2,    1) (   2,    2) (   1,    4) (   2,    2) (   2,    3)
          (   0,    2) (   2,    1) (   2,    1) (   2,    3) (   2,    0) (   2,    3) (   2,    3) (   2,    1) (   1,    2) (   2,    3)
          (   1,    1) (   2,    3) (   1,    1) (   2,    5) (   2,    1) (   1,    2) (   2,    1) (   1,    4) (   2,    1) (   2,    1)
          (   1,    3) (   2,    2) (   2,    2) (   2,    2) (   2,    3) (   2,    2) (   2,    1) (   2,    2) (   2,    1) (   2,    1)
          (   2,    4) (   2,    4) (   2,    3) (   2,    4) (   2,    3) (   2,    1) (   2,    0) (   2,    1) (   2,    1) (   2,    3)
          (   2,    3) (   2,    1) (   2,    0) (   2,    2) (   2,    1) (   2,    1) (   2,    1) (   2,    1) (   2,    2) (   2,    1)
          (   2,    3) (   2,    2) (   2,    1) (   2,    0) (   2,    0) (   2,    4) (   2,    1) (   2,    2) (   2,    1) (   2,    4)
          (   2,    2) (   2,    3) (   2,    2) (   2,    2) (   2,    4) (   2,    3) (   2,    3) (   2,    3) (   2,    2) (   2,    2)
          (   2,    0) (   2,    2) (   2,    3) (   2,    1) (   2,    2) (   2,    1) (   2,    1) (   2,    3) (   2,    2) (   2,    2)
          (   2,    5) (   2,    2) (   2,    2) (   2,    0) (   2,    1) (   2,    2) (   2,    2) (   2,    1) (   2,    1) (   2,    2)
          (   2,    0) (   2,    2) (   2,    1) (   2,    3) (   2,    4) (   2,    1) (   2,    2) (   2,    2) (   2,    1) (   2,    0)
          (   2,    2) (   2,    2) (   2,    1) (   2,    2) (   2,    2) (   2,    3) (   2,    2) (   2,    2) (   2,    1) (   2,    2)
          (   2,    2) (   2,    2) (   2,    2) (   2,    2) (   2,    1) (   2,    3) (   2,    1) (   2,    1) (   2,    1) (   2,    2)
          (   2,    3) (   2,    0) (   2,    2) (   2,    2) (   2,    1) (   2,    1) (   2,    0) (   2,    3) (   2,    1) (   2,    0)
          (   2,    3) (   2,    2) (   2,    1) (   2,    2) (   2,    2) (   2,    4) (   2,    3) (   2,    3) (   2,    1) (   2,    4)
          (   2,    4) (   2,    1) (   2,    2) (   2,    1) (   2,    3) (   2,    2) (   2,    1) (   2,    4) (   2,    0) (   2,    1)
          (   2,    0) (   2,    3) (   2,    2) (   2,    3) (   2,    1) (   2,    0) (   2,    3) (   2,    4) (   2,    1) (   2,    1)
          (   2,    4) (   2,    2) (   2,    1) (   2,    3) (   2,    5) (   2,    2) (   2,    2) (   2,    3) (   2,    2) (   2,    4)
          (   2,    2) (   2,    2) (   2,    1) (   2,    4) (   2,    2) (   2,    3) (   2,    2) (   2,    4) (   2,    3) (   2,    2)
          (   2,    5) (   2,    1) (   2,    0) (   2,    3) (   2,    2) (   2,    0) (   2,    2) (   2,    2) (   2,    2) (   2,    3)
          (   2,    2) (   2,    4) (   2,    2) (   2,    2) (   2,    0) (   2,    3) (   2,    3) (   2,    2) (   2,    2) (   2,    1)
          (   2,    5) (   2,    0) (   2,    3) (   2,    1) (   2,    4) (   2,    3) (   2,    1) (   2,    2) (   2,    1) (   2,    4)
          (   2,    0) (   2,    3) (   2,    0) (   2,    0) (   2,    1) (   2,    2) (   2,    4) (   2,    2) (   2,    3) (   2,    1)
          (   2,    3) (   2,    1) (   2,    1) (   2,    3) (   2,    2) (   2,    2) (   2,    4) (   2,    4) (   2,    3) (   2,    1)
          (   2,    3) (   2,    2) (   2,    2) (   2,    3) (   2,    0) (   2,    2) (   2,    1) (   2,    3) (   2,    5) (   2,    3)
          (   2,    2) (   2,    3) (   2,    3) (   2,    5) (   2,    2) (   2,    1) (   2,    0) (   2,    1) (   2,    4) (   2,    3)
          (   2,    1) (   2,    3) (   2,    0) (   2,    1) (   2,    3) (   2,    3) (   2,    2) (   2,    3) (   2,    3) (   2,    4)
          (   2,    3) (   2,    6) (   2,    2) (   2,    2) (   2,    6) (   2,    2) (   2,    2) (   2,    3) (   2,    3) (   2,    1)
          (   2,    2) (   2,    3) (   2,    0) (   2,    4) (   2,    5) (   2,    1) (   2,    2) (   2,    3) (   2,    3) (   2,    2)
          (   2,    1) (   2,    5) (   2,    2) (   2,    2) (   2,    3) (   2,    4) (   2,    0) (   2,    1) (   2,    0) (   2,    1)
          (   2,    1) (   2,    2) (   2,    4) (   2,    4) (   2,    3) (   2,    2) (   2,    2) (   2,    2) (   2,    1) (   2,    1)
          (   2,    2) (   2,    2) (   2,    1) (   2,    1) (   2,    1) (   2,    3) (   2,    0) (   2,    3) (   2,    3) (   2,    4)
          (   2,    0) (   2,    5) (   2,    2) (   2,    5) (   2,    1) (   2,    2) (   2,    3) (   2,    4) (   2,    2) (   2,    0)
          (   2,    0) (   2,    1) (   2,    0) (   2,    3) (   2,    3) (   2,    1) (   2,    1) (   2,    1) (   2,    0) (   2,    2)
          (   2,    1) (   2,    3) (   2,    0) (   2,    2) (   2,    1) (   2,    4) (   2,    0) (   2,    2) (   2,    3) (   2,    1)
          (   2,    3) (   2,    2) (   2,    2) (   2,    2) (   2,    1) (   2,    1) (   2,    1) (   2,    1) (   2,    1) (   2,    3)
          (   2,    2) (   2,    2) (   2,    2) (   2,    1) (   2,    1) (   2,    2) (   2,    1) (   2,    0) (   2,    5) (   2,    1)
          (   2,    3) (   2,    1) (   2,    2) (   2,    5) (   2,    0) (   2,    1) (   2,    2) (   2,    2) (   2,    1) (   2,    1)
          (   2,    1) (   2,    2) (   2,    0) (   2,    1) (   2,    6) (   2,    1) (   2,    2) (   2,    1) (   2,    2) (   2,    3)
          (   2,    2) (   2,    3) (   2,    4) (   2,    0) (   2,    1) (   2,    1) (   2,    2) (   2,    4) (   2,    5) (   2,    4)
          (   2,    1) (   2,    4) (   2,    1) (   2,    1) (   2,    1) (   2,    3) (   2,    0) (   2,    0) (   2,    4) (   2,    0)
          (   2,    1) (   2,    3) (   2,    6) (   2,    2) (   2,    4) (   2,    3) (   2,    0) (   2,    2) (   2,    2) (   2,    2)
          (   2,    2) (   2,    3) (   2,    6) (   2,    4) (   2,    0) (   2,    4) (   2,    3) (   2,    1) (   2,    1) (   2,    3)
         
node   7 sent_total   1347  recv_total   1381

node   8  (   0,    0) (   1,    0) (   0,    0) (   2,    1) (   2,    0) (   2,    0) (   2,    0) (   2,    0) (   2,    2) (   2,    0)
          (   2,    2) (   2,    3) (   2,    4) (   2,    1) (   2,    2) (   2,    0) (   2,    2) (   2,    4) (   2,    2) (   2,    3)
          (   2,    0) (   2,    4) (   2,    1) (   2,    1) (   2,    1) (   2,    1) (   2,    3) (   2,    1) (   2,    1) (   2,    1)
          (   2,    2) (   2,    2) (   2,    2) (   2,    2) (   2,    1) (   2,    0) (   2,    2) (   2,    0) (   2,    1) (   2,    3)
          (   2,    1) (   2,    1) (   2,    1) (   2,    1) (   2,    3) (   2,    0) (   2,    1) (   2,    3) (   2,    2) (   2,    4)
          (   2,    2) (   2,    2) (   2,    2) (   2,    3) (   2,    3) (   2,    1) (   2,    0) (   2,    1) (   2,    1) (   2,    2)
          (   2,    1) (   2,    4) (   1,    5) (   2,    3) (   2,    1) (   1,    3) (   1,    2) (   2,    3) (   2,    0) (   1,    3)
          (   1,    3) (   1,    5) (   2,    1) (   1,    1) (   2,    3) (   2,    2) (   2,    2) (   2,    2) (   2,    2) (   2,    3)
          (   2,    0) (   1,    3) (   2,    1) (   2,    1) (   2,    0) (   2,    0) (   2,    2) (   2,    6) (   2,    6) (   2,    3)
          (   2,    2) (   1,    2) (   2,    3) (   1,    0) (   1,    3) (   2,    4) (   2,    3) (   1,    0) (   2,    1) (   2,    2)
          (   2,    1) (   1,    1) (   2,    3) (   2,    2) (   1,    5) (   2,    3) (   2,    1) (   2,    2) (   2,    0) (   1,    0)
          (   2,    2) (   2,    0) (   2,    1) (   2,    2) (   1,    1) (   2,    0) (   1,    1) (   2,    0) (   2,    1) (   2,    2)
          (   2,    4) (   1,    1) (   2,    2) (   2,    1) (   2,    2) (   2,    2) (   2,    3) (   2,    2) (   2,    0) (   2,    0)
          (   2,    1) (   2,    2) (   2,    3) (   2,    3) (   2,    4) (   2,    1) (   2,    2) (   1,    2) (   2,    0) (   1,    2)
          (   2,    1) (   2,    2) (   2,    1) (   2,    1) (   2,    3) (   2,    3) (   2,    2) (   2,    1) (   2,    0) (   2,    2)
          (   2,    2) (   2,    1) (   2,    2) (   1,    1) (   2,    3) (   1,    0) (   2,    2) (   2,    2) (   1,    1) (   2,    0)
          (   2,    1) (   2,    1) (   2,    1) (   1,    1) (   2,    2) (   2,    2) (   2,    3) (   2,    1) (   2,    2) (   2,    0)
          (   2,    1) (   2,    0) (   2,    4) (   2,    1) (   2,    2) (   1,    3) (   2,    3) (   2,    3) (   1,    2) (   2,    0)
          (   2,    2) (   2,    1) (   2,    3) (   1,    2) (   2,    1) (   2,    4) (   2,    2) (   2,    1) (   2,    3) (   2,    1)
          (   2,    1) (   2,    1) (   2,    2) (   1,    1) (   2,    1) (   2,    1) (   1,    1) (   1,    2) (   2,    2) (   1,    2)
          (   2,    1) (   1,    2) (   2,    1) (   1,    0) (   2,    3) (   1,    1) (   1,    2) (   2,    2) (   1,    2) (   2,    2)
          (   1,    0) (   2,    1) (   2,    2) (   1,    1) (   1,    1) (   0,    1) (   2,    2) (   2,    1) (   2,    1) (   2,    1)
          (   2,    2) (   2,    0) (   2,    2) (   2,    4) (   1,    1) (   1,    1) (   2,    3) (   2,    4) (   2,    1) (   1,    4)
          (   2,    1) (   2,    1) (   2,    0) (   1,    4) (   2,    0) (   2,    1) (   2,    2) (   2,    3) (   2,    3) (   2,    1)
          (   2,    2) (   2,    2) (   2,    2) (   2,    3) (   2,    2) (   2,    0) (   2,    3) (   2,    3) (   2,    3) (   2,    4)
          (   2,    1) (   2,    0) (   2,    3) (   2,    1) (   1,    0) (   2,    1) (   1,    0) (   2,    0) (   2,    0) (   2,    1)
          (   2,    0) (   2,    2) (   2,    2) (   2,    2) (   2,    3) (   2,    1) (   2,    4) (   1,    1) (   1,    0) (   1,    1)
          (   2,    2) (   2,    4) (   2,    1) (   1,    3) (   2,    5) (   2,    4) (   2,    2) (   2,    1) (   2,    2) (   2,    2)
          (   2,    3) (   2,    0) (   1,    0) (   2,    3) (   1,    2) (   2,    1) (   2,    1) (   2,    2) (   2,    2) (   2,    1)
          (   2,    1) (   2,    1) (   2,    3) (   2,    1) (   1,    2) (   2,    0) (   2,    2) (   2,    3) (   2,    1) (   2,    1)
          (   2,    1) (   2,    1) (   2,    2) (   2,    5) (   2,    2) (   2,    1) (   2,    2) (   2,    0) (   2,    4) (   2,    1)
          (   2,    2) (   2,    3) (   2,    3) (   2,    4) (   2,    2) (   2,    4) (   2,    3) (   2,    3) (   2,    5) (   2,    2)
          (   2,    3) (   2,    6) (   2,    4) (   2,    1) (   2,    4) (   2,    3) (   2,    5) (   2,    1) (   2,    3) (   2,    1)
          (   2,    2) (   2,    1) (   2,    3) (   2,    0) (   2,    2) (   2,    2) (   2,    0) (   2,    1) (   2,    4) (   2,    1)
          (   2,    1) (   2,    0) (   2,    2) (   2,    1) (   2,    3) (   2,    2) (   2,    2) (   2,    4) (   2,    2) (   2,    1)
          (   2,    2) (   2,    1) (   2,    3) (   2,    1) (   2,    2) (   2,    4) (   2,    1) (   2,    2) (   2,    3) (   2,    0)
          (   2,    1) (   2,    0) (   2,    3) (   2,    3) (   2,    3) (   2,    1) (   2,    1) (   2,    3) (   2,    1) (   2,    1)
          (   2,    4) (   2,    1) (   2,    4) (   2,    0) (   2,    4) (   2,    3) (   2,    1) (   2,    3) (   2,    2) (   2,    3)
          (   2,    5) (   2,    1) (   2,    0) (   2,    2) (   2,    1) (   2,    1) (   2,    2) (   2,    3) (   2,    4) (   2,    2)
          (   2,    0) (   2,    3) (   2,    0) (   2,    2) (   2,    3) (   2,    2) (   2,    1) (   2,    1) (   2,    2) (   2,    1)
          (   2,    0) (   2,    1) (   2,    1) (   2,    0) (   2,    2) (   2,    0) (   2,    2) (   2,    6) (   2,    0) (   2,    3)
          (   2,    1) (   2,    4) (   2,    2) (   2,    4) (   2,    2) (   2,    1) (   2,    2) (   2,    2) (   2,    2) (   2,    2)
          (   2,    5) (   2,    2) (   2,    3) (   2,    1) (   2,    3) (   2,    1) (   2,    1) (   2,    1) (   2,    3) (   2,    2)
          (   2,    0) (   2,    0) (   2,    1) (   2,    3) (   2,    2) (   2,    4) (   2,    1) (   2,    1) (   2,    1) (   2,    0)
          (   2,    0) (   2,    3) (   2,    1) (   2,    2) (   2,    3) (   2,    0) (   2,    0) (   2,    3) (   2,    0) (   2,    0)
          (   2,    3) (   2,    1) (   2,    5) (   2,    2) (   2,    2) (   2,    2) (   2,    2) (   2,    2) (   2,    0) (   2,    3)
          (   2,    3) (   2,    1) (   2,    1) (   2,    1) (   2,    3) (   2,    0) (   2,    3) (   2,    4) (   2,    3) (   2,    3)
          (   2,    2) (   2,    3) (   2,    2) (   2,    2) (   2,    1) (   2,    1) (   2,    2) (   2,    2) (   2,    3) (   2,    2)
          (   2,    2) (   2,    1) (   2,    2) (   2,    1) (   2,    1) (   2,    3) (   2,    4) (   2,    2) (   2,    2) (   2,    2)
          (   2,    1) (   2,    2) (   2,    3) (   2,    1) (   2,    3) (   2,    1) (   2,    0) (   2,    0) (   2,    2) (   2,    4)
          (   2,    3) (   2,    1) (   2,    2) (   2,    0) (   2,    2) (   2,    1) (   2,    4) (   2,    1) (   2,    4) (   2,    4)
          (   2,    2) (   2,    3) (   2,    5) (   2,    3) (   2,    2) (   2,    1) (   2,    1) (   2,    3) (   2,    1) (   2,    2)
          (   2,    3) (   2,    3) (   2,    2) (   2,    4) (   2,    4) (   2,    2) (   2,    4) (   2,    2) (   2,    0) (   2,    1)
          (   2,    2) (   2,    2) (   2,    4) (   2,    1) (   2,    1) (   2,    0) (   2,    2) (   2,    2) (   2,    2) (   2,    3)
          (   2,    0) (   2,    3) (   2,    1) (   2,    3) (   2,    3) (   2,    0) (   2,    1) (   2,    1) (   2,    3) (   2,    1)
          (   2,    3) (   2,    3) (   2,    4) (   2,    1) (   2,    3) (   2,    6) (   2,    2) (   2,    2) (   2,    2) (   2,    3)
          (   2,    2) (   2,    1) (   2,    2) (   2,    4) (   2,    3) (   2,    1) (   2,    2) (   2,    4) (   2,    1) (   2,    1)
          (   2,    2) (   2,    1) (   2,    2) (   2,    2) (   2,    4) (   2,    1) (   2,    1) (   2,    2) (   2,    2) (   2,    2)
          (   2,    3) (   2,    3) (   2,    5) (   2,    2) (   2,    0) (   2,    2) (   2,    3) (   2,    2) (   2,    2) (   2,    3)
          (   2,    1) (   2,    2) (   2,    4) (   2,    1) (   2,    3) (   2,    3) (   2,    1) (   2,    0) (   2,    2) (   2,    3)
          (   2,    1) (   2,    0) (   2,    3) (   2,    0) (   2,    1) (   2,    1) (   2,    1) (   2,    3) (   2,    0) (   2,    2)
          (   2,    1) (   2,    1) (   2,    0) (   2,    1) (   2,    4) (   2,    0) (   2,    3) (   2,    1) (   2,    1) (   2,    4)
          (   2,    1) (   2,    1) (   2,    2) (   2,    1) (   2,    0) (   2,    2) (   2,    2) (   2,    4) (   2,    2) (   2,    1)
          (   2,    2) (   2,    4) (   2,    2) (   2,    3) (   2,    1) (   2,    2) (   2,    1) (   2,    1) (   2,    4) (   2,    1)
          (   2,    1) (   2,    2) (   2,    6) (   2,    3) (   2,    3) (   2,    1) (   2,    1) (   2,    2) (   2,    2) (   2,    4)
          (   2,    3) (   2,    3) (   2,    1) (   2,    2) (   2,    2) (   2,    1) (   2,    0) (   2,    3) (   2,    1) (   2,    5)
          (   2,    4) (   2,    0) (   2,    2) (   2,    1) (   2,    2) (   2,    4) (   2,    1) (   2,    3) (   2,    0) (   2,    3)
          (   2,    4) (   2,    1) (   2,    2) (   2,    2) (   2,    1) (   2,    3) (   2,    2) (   2,    2) (   2,    3) (   2,    0)
          (   2,    1) (   2,    2) (   2,    2) (   2,    2) (   2,    4) (   2,    0) (   2,    4) (   2,    1) (   2,    3) (   2,    1)
          (   2,    0) (   2,    2) (   2,    1) (   2,    3) (   2,    4) (   2,    2) (   2,    2) (   2,    3) (   2,    2) (   2,    4)
         
node   8 sent_total   1341  recv_total   1320

node   9  (   0,    0) (   0,    0) (   1,    0) (   0,    0) (   2,    1) (   2,    1) (   2,    0) (   2,    4) (   2,    2) (   2,    1)
          (   2,    5) (   2,    2) (   2,    1) (   2,    1) (   2,    2) (   2,    4) (   2,    1) (   2,    3) (   2,    4) (   2,    1)
          (   2,    0) (   2,    0) (   2,    2) (   2,    2) (   2,    4) (   2,    1) (   2,    2) (   2,    3) (   2,    1) (   2,    1)
          (   2,    2) (   2,    2) (   2,    1) (   2,    2) (   2,    3) (   2,    2) (   2,    3) (   2,    2) (   2,    3) (   2,    2)
          (   2,    1) (   2,    2) (   2,    2) (   2,    1) (   2,    2) (   2,    3) (   2,    1) (   2,    3) (   2,    2) (   2,    6)
          (   2,    1) (   1,    1) (   2,    1) (   2,    1) (   2,    1) (   1,    2) (   1,    1) (   2,    0) (   1,    1) (   2,    0)
          (   0,    0) (   2,    2) (   2,    1) (   2,    3) (   2,    3) (   1,    0) (   2,    2) (   2,    0) (   2,    3) (   2,    2)
          (   2,    2) (   2,    0) (   2,    4) (   2,    4) (   2,    0) (   2,    0) (   2,    2) (   2,    3) (   2,    1) (   1,    0)
          (   2,    1) (   2,    3) (   2,    2) (   2,    3) (   2,    3) (   2,    3) (   2,    2) (   1,    3) (   2,    2) (   1,    1)
          (   2,    2) (   2,    2) (   2,    1) (   2,    1) (   1,    3) (   1,    0) (   2,    1) (   1,    3) (   2,    0) (   2,    1)
          (   2,    3) (   2,    3) (   2,    2) (   1,    0) (   1,    4) (   2,    0) (   1,    0) (   2,    1) (   2,    1) (   2,    1)
          (   2,    2) (   2,    4) (   2,    1) (   2,    2) (   1,    1) (   2,    4) (   1,    4) (   2,    0) (   2,    2) (   2,    1)
          (   2,    1) (   2,    1) (   2,    1) (   1,    2) (   2,    1) (   2,    0) (   2,    1) (   1,    3) (   2,    3) (   2,    2)
          (   2,    2) (   2,    2) (   2,    3) (   2,    5) (   2,    4) (   2,    3) (   2,    1) (   2,    0) (   2,    1) (   1,    2)
          (   2,    2) (   2,    1) (   2,    1) (   2,    3) (   2,    2) (   2,    2) (   2,    4) (   2,    2) (   1,    2) (   2,    1)
          (   2,    1) (   2,    2) (   2,    1) (   1,    4) (   2,    2) (   2,    1) (   2,    2) (   2,    2) (   2,    1) (   2,    4)
          (   2,    1) (   2,    2) (   2,    1) (   2,    1) (   2,    3) (   2,    3) (   0,    1) (   2,    2) (   1,    1) (   2,    1)
          (   2,    0) (   2,    3) (   2,    3) (   1,    2) (   2,    4) (   2,    0) (   2,    2) (   2,    2) (   2,    2) (   1,    2)
          (   2,    1) (   2,    2) (   1,    0) (   1,    1) (   2,    3) (   2,    3) (   2,    9) (   2,    0) (   2,    2) (   2,    3)
          (   2,    3) (   2,    1) (   2,    2) (   2,    0) (   2,    0) (   2,    3) (   2,    5) (   2,    1) (   2,    1) (   2,    2)
          (   2,    3) (   2,    1) (   2,    2) (   2,    2) (   2,    3) (   1,    2) (   2,    0) (   1,    0) (   2,    3) (   2,    1)
          (   2,    1) (   0,    1) (   2,    1) (   2,    1) (   2,    2) (   1,    2) (   1,    1) (   1,    3) (   2,    3) (   1,    1)
          (   2,    1) (   2,    2) (   2,    1) (   2,    1) (   2,    1) (   1,    0) (   2,    0) (   2,    2) (   2,    1) (   2,    1)
          (   2,    4) (   1,    2) (   2,    3) (   2,    0) (   2,    0) (   2,    0) (   2,    1) (   2,    1) (   2,    3) (   2,    2)
          (   2,    1) (   2,    4) (   2,    2) (   1,    1) (   2,    1) (   2,    6) (   2,    2) (   2,    3) (   2,    2) (   2,    4)
          (   2,    1) (   2,    2) (   2,    4) (   1,    1) (   2,    3) (   2,    2) (   2,    1) (   2,    2) (   2,    2) (   2,    2)
          (   2,    2) (   2,    3) (   2,    2) (   2,    2) (   1,    0) (   2,    1) (   2,    2) (   2,    4) (   2,    3) (   2,    1)
          (   2,    2) (   2,    0) (   2,    2) (   2,    0) (   1,    1) (   2,    3) (   2,    3) (   1,    0) (   2,    3) (   2,    2)
          (   2,    3) (   2,    3) (   2,    4) (   2,    3) (   1,    2) (   2,    4) (   2,    0) (   2,    2) (   2,    6) (   2,    0)
          (   2,    2) (   2,    1) (   2,    2) (   2,    0) (   2,    3) (   1,    2) (   2,    1) (   2,    1) (   2,    1) (   2,    3)
          (   2,    1) (   2,    2) (   2,    1) (   2,    1) (   2,    0) (   2,    2) (   2,    1) (   2,    1) (   2,    2) (   2,    2)
          (   2,    2) (   2,    2) (   2,    2) (   2,    1) (   2,    2) (   2,    1) (   2,    4) (   2,    0) (   2,    2) (   2,    3)
          (   2,    0) (   2,    2) (   2,    2) (   2,    2) (   2,    0) (   2,    4) (   2,    3) (   2,    3) (   2,    2) (   2,    1)
          (   2,    2) (   2,    2) (   2,    2) (   2,    2) (   2,    2) (   2,    1) (   2,    1) (   2,    3) (   2,    2) (   2,    2)
          (   2,    2) (   2,    4) (   2,    0) (   2,    1) (   2,    2) (   2,    1) (   2,    2) (   2,    2) (   2,    2) (   2,    0)
          (   2,    1) (   2,    2) (   2,    3) (   2,    2) (   2,    2) (   2,    2) (   2,    2) (   2,    2) (   2,    0) (   2,    2)
          (   2,    0) (   2,    3) (   2,    2) (   2,    0) (   2,    1) (   2,    2) (   2,    0) (   2,    0) (   2,    2) (   2,    2)
          (   2,    3) (   2,    2) (   2,    1) (   2,    2) (   2,    1) (   2,    0) (   2,    2) (   2,    0) (   2,    1) (   2,    0)
          (   2,    3) (   2,    5) (   2,    0) (   2,    3) (   2,    3) (   2,    3) (   2,    0) (   2,    2) (   2,    2) (   2,    3)
          (   2,    2) (   2,    1) (   2,    4) (   2,    0) (   2,    2) (   2,    1) (   2,    2) (   2,    3) (   2,    3) (   2,    1)
          (   2,    1) (   2,    4) (   2,    3) (   2,    1) (   2,    3) (   2,    4) (   2,    3) (   2,    1) (   2,    4) (   2,    4)
          (   2,    2) (   2,    0) (   2,    3) (   2,    2) (   2,    5) (   2,    4) (   2,    2) (   2,    4) (   2,    1) (   2,    3)
          (   2,    2) (   2,    4) (   2,    1) (   2,    1) (   2,    1) (   2,    2) (   2,    3) (   2,    3) (   2,    0) (   2,    0)
          (   2,    4) (   2,    1) (   2,    2) (   2,    3) (   2,    2) (   2,    2) (   2,    1) (   2,    4) (   2,    4) (   2,    1)
          (   2,    0) (   2,    2) (   2,    2) (   2,    1) (   2,    1) (   2,    3) (   2,    3) (   2,    1) (   2,    2) (   2,    3)
          (   2,    2) (   2,    1) (   2,    1) (   2,    0) (   2,    1) (   2,    0) (   2,    0) (   2,    0) (   2,    0) (   2,    3)
          (   2,    2) (   2,    0) (   2,    3) (   2,    2) (   2,    2) (   2,    1) (   2,    2) (   2,    2) (   2,    1) (   2,    2)
          (   2,    0) (   2,    2) (   2,    3) (   2,    2) (   2,    1) (   2,    2) (   2,    2) (   2,    0) (   2,    1) (   2,    3)
          (   2,    2) (   2,    2) (   2,    2) (   2,    4) (   2,    0) (   2,    1) (   2,    3) (   2,    3) (   2,    3) (   2,    2)
          (   2,    2) (   2,    1) (   2,    3) (   2,    6) (   2,    1) (   2,    0) (   2,    1) (   2,    2) (   2,    1) (   2,    0)
          (   2,    3) (   2,    1) (   2,    2) (   2,    3) (   2,    1) (   2,    2) (   2,    3) (   2,    0) (   2,    1) (   2,    1)
          (   2,    4) (   2,    2) (   2,    2) (   2,    2) (   2,    0) (   2,    2) (   2,    2) (   2,    0) (   2,    3) (   2,    1)
          (   2,    0) (   2,    1) (   2,    3) (   2,    1) (   2,    3) (   2,    3) (   2,    1) (   2,    2) (   2,    0) (   2,    1)
          (   2,    2) (   2,    3) (   2,    2) (   2,    1) (   2,    1) (   2,    4) (   2,    3) (   2,    4) (   2,    2) (   2,    2)
          (   2,    3) (   2,    0) (   2,    2) (   2,    6) (   2,    2) (   2,    1) (   2,    0) (   2,    3) (   2,    1) (   2,    2)
          (   2,    3) (   2,    3) (   2,    1) (   2,    3) (   2,    1) (   2,    1) (   2,    1) (   2,    2) (   2,    0) (   2,    1)
          (   2,    3) (   2,    0) (   2,    2) (   2,    0) (   2,    0) (   2,    1) (   2,    1) (   2,    3) (   2,    3) (   2,    1)
          (   2,    5) (   2,    4) (   2,    2) (   2,    1) (   2,    3) (   2,    2) (   2,    3) (   2,    5) (   2,    4) (   2,    5)
          (   2,    1) (   2,    3) (   2,    1) (   2,    4) (   2,    0) (   2,    1) (   2,    1) (   2,    2) (   2,    4) (   2,    1)
          (   2,    4) (   2,    0) (   2,    4) (   2,    0) (   2,    2) (   2,    1) (   2,    3) (   2,    4) (   2,    1) (   2,    2)
          (   2,    3) (   2,    3) (   2,    2) (   2,    3) (   2,    1) (   2,    1) (   2,    5) (   2,    0) (   2,    3) (   2,    3)
          (   2,    3) (   2,    2) (   2,    4) (   2,    4) (   2,    4) (   2,    4) (   2,    3) (   2,    2) (   2,    4) (   2,    1)
          (   2,    3) (   2,    3) (   2,    2) (   2,    0) (   2,    1) (   2,    5) (   2,    2) (   2,    2) (   2,    3) (   2,    3)
          (   2,    1) (   2,    1) (   2,    3) (   2,    2) (   2,    1) (   2,    2) (   2,    4) (   2,    3) (   2,    2) (   2,    1)
          (   2,    5) (   2,    6) (   2,    0) (   2,    1) (   2,    3) (   2,    2) (   2,    2) (   2,    1) (   2,    1) (   2,    1)
          (   2,    0) (   2,    2) (   2,    5) (   2,    2) (   2,    3) (   2,    2) (   2,    0) (   2,    2) (   2,    2) (   2,    3)
          (   2,    1) (   2,    0) (   2,    3) (   2,    2) (   2,    2) (   2,    1) (   2,    1) (   2,    0) (   2,    1) (   2,    3)
          (   2,    1) (   2,    1) (   2,    2) (   2,    2) (   2,    1) (   2,    5) (   2,    3) (   2,    1) (   2,    5) (   2,    5)
          (   2,    4) (   2,    1) (   2,    0) (   2,    2) (   2,    1) (   2,    1) (   2,    4) (   2,    4) (   2,    2) (   2,    0)
          (   2,    2) (   2,    1) (   2,    2) (   2,    1) (   2,    4) (   2,    1) (   2,    1) (   2,    4) (   2,    0) (   2,    4)
         
node   9 sent_total   1346  recv_total   1330

node  10  (   0,    0) (   0,    0) (   1,    0) (   0,    0) (   2,    1) (   2,    0) (   2,    0) (   2,    1) (   2,    2) (   2,    2)
          (   2,    0) (   2,    0) (   2,    2) (   2,    2) (   2,    5) (   2,    2) (   2,    3) (   2,    0) (   2,    4) (   2,    0)
          (   2,    2) (   2,    2) (   2,    2) (   2,    4) (   2,    1) (   2,    1) (   2,    1) (   2,    4) (   2,    3) (   2,    2)
          (   2,    4) (   2,    1) (   2,    3) (   2,    2) (   2,    3) (   2,    2) (   2,    2) (   2,    3) (   2,    1) (   2,    1)
          (   2,    2) (   2,    2) (   2,    0) (   2,    4) (   2,    2) (   2,    3) (   2,    0) (   2,    3) (   2,    0) (   2,    1)
          (   2,    3) (   2,    0) (   1,    2) (   2,    1) (   2,    4) (   2,    0) (   1,    1) (   1,    1) (   2,    4) (   2,    1)
          (   2,    3) (   2,    2) (   1,    1) (   2,    1) (   2,    2) (   2,    1) (   2,    0) (   1,    0) (   2,    0) (   2,    1)
          (   1,    1) (   2,    1) (   2,    4) (   2,    0) (   2,    2) (   2,    1) (   2,    4) (   2,    4) (   2,    3) (   1,    3)
          (   2,    2) (   2,    0) (   2,    2) (   2,    5) (   2,    1) (   2,    1) (   2,    1) (   2,    0) (   2,    0) (   2,    2)
          (   2,    3) (   2,    2) (   2,    2) (   1,    3) (   2,    0) (   1,    1) (   2,    1) (   2,    1) (   2,    3) (   2,    2)
          (   2,    4) (   2,    2) (   2,    1) (   2,    2) (   2,    0) (   1,    0) (   2,    4) (   2,    0) (   2,    1) (   2,    1)
          (   2,    0) (   2,    0) (   2,    2) (   1,    1) (   2,    1) (   2,    1) (   2,    2) (   2,    3) (   2,    1) (   2,    1)
          (   2,    1) (   1,    4) (   1,    3) (   0,    2) (   2,    1) (   2,    1) (   1,    2) (   2,    1) (   2,    1) (   2,    1)
          (   2,    2) (   2,    1) (   2,    4) (   2,    1) (   1,    2) (   2,    3) (   1,    0) (   2,    1) (   2,    0) (   2,    3)
          (   1,    0) (   1,    1) (   1,    3) (   1,    3) (   2,    1) (   2,    1) (   2,    2) (   2,    2) (   2,    5) (   1,    2)
          (   2,    3) (   2,    1) (   2,    2) (   2,    1) (   1,    0) (   2,    0) (   2,    1) (   1,    2) (   2,    1) (   2,    3)
          (   2,    3) (   1,    2) (   2,    2) (   2,    0) (   2,    2) (   2,    1) (   1,    1) (   1,    1) (   1,    4) (   2,    3)
          (   2,    1) (   2,    0) (   2,    5) (   2,    3) (   0,    1) (   2,    1) (   2,    3) (   2,    0) (   1,    1) (   2,    2)
          (   2,    2) (   1,    0) (   2,    3) (   2,    2) (   2,    3) (   2,    2) (   2,    2) (   2,    3) (   2,    2) (   2,    1)
          (   2,    1) (   1,    1) (   1,    3) (   2,    4) (   2,    1) (   2,    2) (   1,    2) (   1,    1) (   2,    3) (   2,    1)
          (   2,    1) (   2,    0) (   2,    1) (   1,    5) (   2,    2) (   2,    3) (   2,    1) (   2,    3) (   2,    0) (   2,    1)
          (   2,    5) (   2,    3) (   2,    2) (   2,    2) (   2,    1) (   2,    0) (   2,    1) (   2,    2) (   2,    1) (   2,    3)
          (   2,    3) (   2,    2) (   2,    0) (   2,    3) (   2,    5) (   2,    3) (   2,    1) (   2,    4) (   2,    2) (   2,    2)
          (   2,    1) (   2,    1) (   2,    2) (   0,    0) (   1,    2) (   2,    2) (   2,    1) (   2,    1) (   2,    4) (   1,    3)
          (   2,    4) (   2,    0) (   1,    2) (   2,    4) (   1,    0) (   1,    2) (   2,    0) (   1,    4) (   2,    4) (   2,    0)
          (   2,    3) (   0,    1) (   2,    2) (   2,    1) (   2,    2) (   2,    3) (   2,    4) (   2,    3) (   2,    4) (   2,    2)
          (   1,    1) (   2,    1) (   2,    2) (   2,    2) (   2,    2) (   2,    4) (   2,    3) (   2,    2) (   2,    1) (   2,    2)
          (   2,    1) (   2,    2) (   2,    1) (   2,    1) (   2,    0) (   2,    2) (   1,    3) (   2,    0) (   2,    1) (   2,    0)
          (   2,    2) (   1,    4) (   1,    1) (   2,    1) (   2,    3) (   2,    1) (   2,    1) (   2,    4) (   2,    0) (   2,    1)
          (   0,    4) (   1,    1) (   1,    4) (   1,    1) (   2,    4) (   2,    7) (   2,    0) (   2,    1) (   1,    3) (   2,    1)
          (   2,    1) (   2,    0) (   2,    3) (   2,    1) (   2,    1) (   2,    1) (   2,    4) (   2,    2) (   2,    1) (   2,    0)
          (   2,    2) (   2,    1) (   2,    3) (   2,    2) (   2,    2) (   2,    3) (   2,    1) (   2,    0) (   2,    3) (   2,    0)
          (   2,    0) (   2,    0) (   2,    4) (   2,    3) (   2,    4) (   2,    3) (   2,    2) (   2,    5) (   2,    1) (   2,    3)
          (   2,    0) (   2,    2) (   2,    4) (   2,    2) (   2,    4) (   2,    3) (   2,    6) (   2,    2) (   2,    0) (   2,    2)
          (   2,    2) (   2,    3) (   2,    4) (   2,    2) (   2,    2) (   2,    1) (   2,    4) (   2,    2) (   2,    3) (   2,    0)
          (   2,    2) (   2,    0) (   2,    1) (   2,    3) (   2,    2) (   2,    0) (   2,    2) (   2,    1) (   2,    1) (   2,    0)
          (   2,    1) (   2,    3) (   2,    1) (   2,    5) (   2,    2) (   2,    2) (   2,    3) (   2,    4) (   2,    2) (   2,    0)
          (   2,    3) (   2,    5) (   2,    3) (   2,    3) (   2,    0) (   2,    1) (   2,    5) (   2,    4) (   2,    2) (   2,    1)
          (   2,    3) (   2,    0) (   2,    3) (   2,    2) (   2,    3) (   2,    3) (   2,    1) (   2,    1) (   2,    0) (   2,    1)
          (   2,    2) (   2,    3) (   2,    2) (   2,    2) (   2,    3) (   2,    3) (   2,    0) (   2,    3) (   2,    1) (   2,    4)
          (   2,    1) (   2,    3) (   2,    2) (   2,    5) (   2,    0) (   2,    1) (   2,    1) (   2,    2) (   2,    3) (   2,    3)
          (   2,    0) (   2,    1) (   2,    1) (   2,    3) (   2,    2) (   2,    2) (   2,    3) (   2,    3) (   2,    4) (   2,    3)
          (   2,    1) (   2,    1) (   2,    1) (   2,    4) (   2,    1) (   2,    1) (   2,    3) (   2,    4) (   2,    4) (   2,    2)
          (   2,    0) (   2,    1) (   2,    5) (   2,    2) (   2,    1) (   2,    2) (   2,    0) (   2,    0) (   2,    2) (   2,    4)
          (   2,    3) (   2,    4) (   2,    2) (   2,    3) (   2,    3) (   2,    3) (   2,    2) (   2,    1) (   2,    3) (   2,    1)
          (   2,    1) (   2,    1) (   2,    1) (   2,    0) (   2,    1) (   2,    3) (   2,    0) (   2,    3) (   2,    3) (   2,    1)
          (   2,    1) (   2,    3) (   2,    3) (   2,    0) (   2,    4) (   2,    3) (   2,    2) (   2,    1) (   2,    1) (   2,    1)
          (   2,    2) (   2,    1) (   2,    1) (   2,    2) (   2,    1) (   2,    4) (   2,    5) (   2,    0) (   2,    1) (   2,    0)
          (   2,    2) (   2,    4) (   2,    0) (   2,    1) (   2,    5) (   2,    2) (   2,    2) (   2,    2) (   2,    2) (   2,    1)
          (   2,    1) (   2,    2) (   2,    2) (   2,    5) (   2,    2) (   2,    0) (   2,    2) (   2,    4) (   2,    3) (   2,    2)
          (   2,    0) (   2,    0) (   2,    2) (   2,    0) (   2,    2) (   2,    3) (   2,    1) (   2,    3) (   2,    3) (   2,    1)
          (   2,    2) (   2,    2) (   2,    1) (   2,    2) (   2,    3) (   2,    0) (   2,    2) (   2,    2) (   2,    3) (   2,    2)
          (   2,    1) (   2,    1) (   2,    3) (   2,    2) (   2,    1) (   2,    1) (   2,    1) (   2,    4) (   2,    1) (   2,    1)
          (   2,    3) (   2,    4) (   2,    2) (   2,    3) (   2,    0) (   2,    2) (   2,    1) (   2,    3) (   2,    1) (   2,    3)
          (   2,    3) (   2,    1) (   2,    2) (   2,    1) (   2,    0) (   2,    3) (   2,    1) (   2,    3) (   2,    3) (   2,    3)
          (   2,    2) (   2,    2) (   2,    3) (   2,    3) (   2,    3) (   2,    2) (   2,    4) (   2,    3) (   2,    3) (   2,    5)
          (   2,    4) (   2,    3) (   2,    2) (   2,    1) (   2,    1) (   2,    0) (   2,    2) (   2,    2) (   2,    2) (   2,    4)
          (   2,    2) (   2,    1) (   2,    0) (   2,    3) (   2,    2) (   2,    2) (   2,    2) (   2,    1) (   2,    2) (   2,    3)
          (   2,    0) (   2,    1) (   2,    0) (   2,    3) (   2,    5) (   2,    1) (   2,    0) (   2,    1) (   2,    1) (   2,    1)
          (   2,    2) (   2,    3) (   2,    1) (   2,    3) (   2,    0) (   2,    0) (   2,    4) (   2,    2) (   2,    2) (   2,    4)
          (   2,    3) (   2,    3) (   2,    3) (   2,    1) (   2,    2) (   2,    7) (   2,    0) (   2,    1) (   2,    5) (   2,    3)
          (   2,    1) (   2,    2) (   2,    0) (   2,    2) (   2,    1) (   2,    2) (   2,    1) (   2,    2) (   2,    1) (   2,    1)
          (   2,    1) (   2,    3) (   2,    1) (   2,    4) (   2,    0) (   2,    2) (   2,    4) (   2,    3) (   2,    2) (   2,    0)
          (   2,    3) (   2,    2) (   2,    3) (   2,    1) (   2,    3) (   2,    1) (   2,    1) (   2,    4) (   2,    2) (   2,    1)
          (   2,    1) (   2,    3) (   2,    3) (   2,    1) (   2,    3) (   2,    3) (   2,    1) (   2,    2) (   2,    3) (   2,    3)
          (   2,    0) (   2,    2) (   2,    1) (   2,    2) (   2,    3) (   2,    2) (   2,    2) (   2,    3) (   2,    2) (   2,    0)
          (   2,    3) (   2,    0) (   2,    1) (   2,    3) (   2,    4) (   2,    2) (   2,    2) (   2,    1) (   2,    0) (   2,    2)
          (   2,    0) (   2,    1) (   2,    1) (   2,    2) (   2,    5) (   2,    1) (   2,    1) (   2,    3) (   2,    1) (   2,    3)
          (   2,    5) (   2,    2) (   2,    2) (   2,    2) (   2,    1) (   2,    6) (   2,    4) (   2,    2) (   2,    1) (   2,    2)
          (   2,    2) (   2,    3) (   2,    1) (   2,    2) (   2,    2) (   2,    2) (   2,    6) (   2,    2) (   2,    5) (   2,    0)
         
node  10 sent_total   1335  recv_total   1349

